TN:
SF:.eslintrc.js
FNF:0
FNH:0
DA:1,0
LF:1
LH:0
BRF:0
BRH:0
end_of_record
TN:
SF:babel.config.js
FNF:0
FNH:0
DA:1,0
LF:1
LH:0
BRF:0
BRH:0
end_of_record
TN:
SF:jest.config.js
FNF:0
FNH:0
DA:1,0
LF:1
LH:0
BRF:0
BRH:0
end_of_record
TN:
SF:webpack.config.js
FNF:0
FNH:0
DA:1,0
DA:2,0
DA:3,0
DA:5,0
LF:4
LH:0
BRF:0
BRH:0
end_of_record
TN:
SF:client/dist/bundle.js
FN:1,(anonymous_0)
FN:1,n
FN:1,(anonymous_2)
FN:1,(anonymous_3)
FN:1,(anonymous_4)
FN:1,(anonymous_5)
FN:1,(anonymous_6)
FN:1,(anonymous_7)
FN:1,(anonymous_8)
FN:1,(anonymous_9)
FN:1,(anonymous_10)
FN:1,(anonymous_11)
FN:1,i
FN:1,l
FN:1,a
FN:1,u
FN:1,c
FN:1,(anonymous_17)
FN:1,(anonymous_18)
FN:1,(anonymous_19)
FN:1,(anonymous_20)
FN:1,(anonymous_21)
FN:1,(anonymous_22)
FN:1,(anonymous_23)
FN:1,(anonymous_24)
FN:1,(anonymous_25)
FN:1,(anonymous_26)
FN:1,(anonymous_27)
FN:1,(anonymous_28)
FN:1,e
FN:1,n
FN:1,e
FN:1,n
FN:1,(anonymous_33)
FN:1,(anonymous_34)
FN:1,(anonymous_35)
FN:1,(anonymous_36)
FN:1,(anonymous_37)
FN:1,(anonymous_38)
FN:1,(anonymous_39)
FN:1,(anonymous_40)
FN:1,(anonymous_41)
FN:1,(anonymous_42)
FN:1,(anonymous_43)
FN:6,l
FN:6,(anonymous_45)
FN:6,(anonymous_46)
FN:6,(anonymous_47)
FN:6,(anonymous_48)
FN:6,(anonymous_49)
FN:6,(anonymous_50)
FN:6,(anonymous_51)
FN:6,(anonymous_52)
FN:6,o
FN:6,(anonymous_54)
FN:6,(anonymous_55)
FN:6,(anonymous_56)
FN:6,(anonymous_57)
FN:6,(anonymous_58)
FN:6,(anonymous_59)
FN:6,(anonymous_60)
FN:6,l
FN:6,(anonymous_62)
FN:6,(anonymous_63)
FN:6,(anonymous_64)
FN:6,(anonymous_65)
FN:6,(anonymous_66)
FN:6,(anonymous_67)
FN:6,(anonymous_68)
FN:6,(anonymous_69)
FN:6,(anonymous_70)
FN:6,(anonymous_71)
FN:6,(anonymous_72)
FN:6,(anonymous_73)
FN:6,(anonymous_74)
FN:6,(anonymous_75)
FN:6,(anonymous_76)
FN:6,(anonymous_77)
FN:6,(anonymous_78)
FN:6,(anonymous_79)
FN:6,(anonymous_80)
FN:6,(anonymous_81)
FN:6,(anonymous_82)
FN:6,(anonymous_83)
FN:6,(anonymous_84)
FN:6,(anonymous_85)
FN:6,r
FN:6,(anonymous_87)
FN:6,(anonymous_88)
FN:6,(anonymous_89)
FN:6,(anonymous_90)
FN:6,(anonymous_91)
FN:6,a
FN:6,u
FN:6,c
FN:6,(anonymous_95)
FN:6,(anonymous_96)
FN:6,d
FN:6,p
FN:6,v
FN:6,(anonymous_100)
FN:6,(anonymous_101)
FN:6,(anonymous_102)
FN:6,(anonymous_103)
FN:6,(anonymous_104)
FN:6,(anonymous_105)
FN:6,e
FN:6,(anonymous_107)
FN:6,(anonymous_108)
FN:6,(anonymous_109)
FN:6,(anonymous_110)
FN:14,g
FN:14,(anonymous_112)
FN:14,(anonymous_113)
FN:14,(anonymous_114)
FN:14,(anonymous_115)
FN:14,w
FN:14,k
FN:14,x
FN:14,(anonymous_119)
FN:14,(anonymous_120)
FN:14,_
FN:14,P
FN:14,R
FN:14,z
FN:14,M
FN:14,e
FN:14,I
FN:14,(anonymous_128)
FN:14,(anonymous_129)
FN:14,D
FN:14,L
FN:14,(anonymous_132)
FN:14,(anonymous_133)
FN:14,F
FN:14,A
FN:14,(anonymous_136)
FN:14,(anonymous_137)
FN:14,(anonymous_138)
FN:14,(anonymous_139)
FN:14,(anonymous_140)
FN:14,(anonymous_141)
FN:14,(anonymous_142)
FN:14,(anonymous_143)
FN:14,(anonymous_144)
FN:14,(anonymous_145)
FN:14,(anonymous_146)
FN:14,(anonymous_147)
FN:14,(anonymous_148)
FN:14,(anonymous_149)
FN:14,(anonymous_150)
FN:14,(anonymous_151)
FN:14,(anonymous_152)
FN:14,(anonymous_153)
FN:14,(anonymous_154)
FN:14,(anonymous_155)
FN:14,(anonymous_156)
FN:14,(anonymous_157)
FN:14,(anonymous_158)
FN:14,(anonymous_159)
FN:14,(anonymous_160)
FN:22,l
FN:22,a
FN:22,(anonymous_163)
FN:22,p
FN:22,g
FN:22,(anonymous_166)
FN:22,w
FN:22,k
FN:22,C
FN:22,R
FN:22,z
FN:22,M
FN:22,I
FN:22,D
FN:22,L
FN:22,U
FN:22,B
FN:22,$
FN:22,(anonymous_179)
FN:22,(anonymous_180)
FN:22,(anonymous_181)
FN:22,(anonymous_182)
FN:22,(anonymous_183)
FN:22,(anonymous_184)
FN:22,(anonymous_185)
FN:22,(anonymous_186)
FN:22,(anonymous_187)
FN:22,Y
FN:22,(anonymous_189)
FN:22,(anonymous_190)
FN:22,(anonymous_191)
FN:22,(anonymous_192)
FN:22,(anonymous_193)
FN:22,G
FN:22,(anonymous_195)
FN:22,(anonymous_196)
FN:22,(anonymous_197)
FN:22,he
FN:22,ve
FN:22,ge
FN:22,ye
FN:22,be
FN:22,we
FN:22,(anonymous_204)
FN:22,(anonymous_205)
FN:22,(anonymous_206)
FN:22,(anonymous_207)
FN:22,(anonymous_208)
FN:22,(anonymous_209)
FN:22,ke
FN:22,xe
FN:22,Ee
FN:22,Te
FN:22,Se
FN:22,Ce
FN:22,_e
FN:22,Pe
FN:22,(anonymous_218)
FN:22,(anonymous_219)
FN:22,Ne
FN:22,Oe
FN:22,Re
FN:22,ze
FN:22,Me
FN:22,Le
FN:22,Fe
FN:22,(anonymous_227)
FN:22,(anonymous_228)
FN:22,(anonymous_229)
FN:22,(anonymous_230)
FN:22,Ue
FN:22,Be
FN:22,We
FN:22,Je
FN:22,Ze
FN:22,et
FN:22,tt
FN:22,nt
FN:22,(anonymous_239)
FN:22,rt
FN:22,ot
FN:22,lt
FN:22,at
FN:22,ut
FN:22,ct
FN:22,ft
FN:22,dt
FN:22,pt
FN:22,mt
FN:22,Pt
FN:22,Nt
FN:22,Ot
FN:22,Rt
FN:22,(anonymous_254)
FN:22,zt
FN:22,Mt
FN:22,It
FN:22,Dt
FN:22,Lt
FN:22,t
FN:22,Bt
FN:22,qt
FN:22,Kt
FN:22,Yt
FN:22,Xt
FN:22,Gt
FN:22,(anonymous_267)
FN:22,Jt
FN:22,tn
FN:22,nn
FN:22,(anonymous_271)
FN:22,(anonymous_272)
FN:22,on
FN:22,ln
FN:22,un
FN:22,cn
FN:22,sn
FN:22,fn
FN:22,dn
FN:22,pn
FN:22,mn
FN:22,gn
FN:22,yn
FN:22,kn
FN:22,xn
FN:22,_n
FN:22,Pn
FN:22,Nn
FN:22,On
FN:22,Rn
FN:22,zn
FN:22,Mn
FN:22,In
FN:22,Dn
FN:22,Ln
FN:22,Fn
FN:22,Bn
FN:22,Vn
FN:22,Hn
FN:22,Qn
FN:22,Wn
FN:22,$n
FN:22,qn
FN:22,(anonymous_304)
FN:22,(anonymous_305)
FN:22,(anonymous_306)
FN:22,(anonymous_307)
FN:22,(anonymous_308)
FN:22,(anonymous_309)
FN:22,(anonymous_310)
FN:22,t
FN:22,n
FN:22,or
FN:22,ir
FN:22,(anonymous_315)
FN:22,(anonymous_316)
FN:22,(anonymous_317)
FN:22,cr
FN:22,fr
FN:22,mr
FN:22,hr
FN:22,vr
FN:22,yr
FN:22,br
FN:22,wr
FN:22,kr
FN:22,xr
FN:22,Er
FN:22,(anonymous_329)
FN:22,_r
FN:22,Pr
FN:22,(anonymous_332)
FN:22,(anonymous_333)
FN:22,(anonymous_334)
FN:22,(anonymous_335)
FN:22,(anonymous_336)
FN:22,Ar
FN:22,$r
FN:22,(anonymous_339)
FN:22,(anonymous_340)
FN:22,Gr
FN:22,(anonymous_342)
FN:22,(anonymous_343)
FN:22,(anonymous_344)
FN:22,(anonymous_345)
FN:22,(anonymous_346)
FN:22,(anonymous_347)
FN:22,(anonymous_348)
FN:22,uo
FN:22,co
FN:22,ho
FN:22,vo
FN:22,go
FN:22,yo
FN:22,bo
FN:22,wo
FN:22,ko
FN:22,(anonymous_358)
FN:22,(anonymous_359)
FN:22,Bo
FN:22,Vo
FN:22,Ho
FN:22,Qo
FN:22,Wo
FN:22,$o
FN:22,qo
FN:22,(anonymous_367)
FN:22,Ko
FN:22,Yo
FN:22,ei
FN:22,ti
FN:22,ni
FN:22,ri
FN:22,oi
FN:22,li
FN:22,ai
FN:22,ui
FN:22,ci
FN:22,si
FN:22,fi
FN:22,di
FN:22,hi
FN:22,(anonymous_383)
FN:22,(anonymous_384)
FN:22,(anonymous_385)
FN:22,(anonymous_386)
FN:22,gi
FN:22,yi
FN:22,bi
FN:22,wi
FN:22,xi
FN:22,(anonymous_392)
FN:22,Ei
FN:22,Ti
FN:22,t
FN:22,n
FN:22,r
FN:22,o
FN:22,i
FN:22,a
FN:22,u
FN:22,c
FN:22,s
FN:22,f
FN:22,d
FN:22,p
FN:22,m
FN:22,h
FN:22,(anonymous_409)
FN:22,v
FN:22,(anonymous_411)
FN:22,(anonymous_412)
FN:22,Ri
FN:22,zi
FN:22,Mi
FN:22,Ii
FN:22,Di
FN:22,Fi
FN:22,ji
FN:22,$i
FN:22,qi
FN:22,Ki
FN:22,Yi
FN:22,Xi
FN:22,Gi
FN:22,Ji
FN:22,Zi
FN:22,el
FN:22,tl
FN:22,nl
FN:22,rl
FN:22,ol
FN:22,il
FN:22,ll
FN:22,al
FN:22,ul
FN:22,(anonymous_437)
FN:22,(anonymous_438)
FN:22,cl
FN:22,sl
FN:22,fl
FN:22,dl
FN:22,pl
FN:22,ml
FN:22,(anonymous_445)
FN:22,(anonymous_446)
FN:22,hl
FN:22,(anonymous_448)
FN:22,(anonymous_449)
FN:22,(anonymous_450)
FN:22,(anonymous_451)
FN:22,(anonymous_452)
FN:22,(anonymous_453)
FN:22,(anonymous_454)
FN:22,(anonymous_455)
FN:22,(anonymous_456)
FN:22,(anonymous_457)
FN:22,(anonymous_458)
FN:22,(anonymous_459)
FN:22,(anonymous_460)
FN:22,(anonymous_461)
FN:22,(anonymous_462)
FN:22,(anonymous_463)
FN:22,El
FN:22,Tl
FN:22,Sl
FN:22,Cl
FN:22,_l
FN:22,Pl
FN:22,Rl
FN:22,zl
FN:22,Ml
FN:22,Il
FN:22,Dl
FN:22,Ll
FN:22,Fl
FN:22,jl
FN:22,Al
FN:22,Ql
FN:22,Wl
FN:22,$l
FN:22,ql
FN:22,Kl
FN:22,Yl
FN:22,Xl
FN:22,Gl
FN:22,Jl
FN:22,(anonymous_488)
FN:22,(anonymous_489)
FN:22,(anonymous_490)
FN:22,ea
FN:22,(anonymous_492)
FN:22,ta
FN:22,na
FN:22,ra
FN:22,oa
FN:22,ia
FN:22,la
FN:22,(anonymous_499)
FN:22,(anonymous_500)
FN:22,aa
FN:22,ua
FN:22,ca
FN:22,e
FN:22,e
FN:22,sa
FN:22,fa
FN:22,da
FN:22,(anonymous_509)
FN:22,ma
FN:22,(anonymous_511)
FN:22,ha
FN:22,(anonymous_513)
FN:22,(anonymous_514)
FN:22,$a
FN:22,qa
FN:22,Ka
FN:22,Ya
FN:22,Xa
FN:22,Ga
FN:22,Ja
FN:22,Za
FN:22,eu
FN:22,tu
FN:22,nu
FN:22,ru
FN:22,ou
FN:22,iu
FN:22,lu
FN:22,au
FN:22,uu
FN:22,cu
FN:22,su
FN:22,fu
FN:22,du
FN:22,pu
FN:22,e
FN:22,mu
FN:22,(anonymous_539)
FN:22,hu
FN:22,vu
FN:22,gu
FN:22,yu
FN:22,bu
FN:22,wu
FN:22,(anonymous_546)
FN:22,(anonymous_547)
FN:22,(anonymous_548)
FN:22,(anonymous_549)
FN:22,(anonymous_550)
FN:22,Eu
FN:22,Tu
FN:22,Su
FN:22,Cu
FN:22,_u
FN:22,Pu
FN:22,Nu
FN:22,Ou
FN:22,Ru
FN:22,zu
FN:22,Mu
FN:22,Iu
FN:22,Du
FN:22,Lu
FN:22,Fu
FN:22,ju
FN:22,Au
FN:22,Uu
FN:22,(anonymous_569)
FN:22,(anonymous_570)
FN:22,(anonymous_571)
FN:22,Bu
FN:22,Vu
FN:22,(anonymous_574)
FN:22,(anonymous_575)
FN:22,(anonymous_576)
FN:22,(anonymous_577)
FN:22,Hu
FN:22,Qu
FN:22,(anonymous_580)
FN:22,(anonymous_581)
FN:22,(anonymous_582)
FN:22,(anonymous_583)
FN:22,(anonymous_584)
FN:22,(anonymous_585)
FN:22,(anonymous_586)
FN:22,(anonymous_587)
FN:22,(anonymous_588)
FN:22,(anonymous_589)
FN:22,(anonymous_590)
FN:22,(anonymous_591)
FN:22,(anonymous_592)
FN:22,(anonymous_593)
FN:22,(anonymous_594)
FN:22,(anonymous_595)
FN:22,(anonymous_596)
FN:22,(anonymous_597)
FN:22,(anonymous_598)
FN:22,(anonymous_599)
FN:22,(anonymous_600)
FN:22,(anonymous_601)
FN:22,(anonymous_602)
FN:22,(anonymous_603)
FN:22,(anonymous_604)
FN:22,(anonymous_605)
FN:22,(anonymous_606)
FN:22,(anonymous_607)
FN:22,(anonymous_608)
FN:30,(anonymous_609)
FN:30,(anonymous_610)
FN:30,(anonymous_611)
FN:30,(anonymous_612)
FN:30,(anonymous_613)
FN:30,(anonymous_614)
FN:30,(anonymous_615)
FN:30,(anonymous_616)
FN:30,(anonymous_617)
FN:30,(anonymous_618)
FN:30,(anonymous_619)
FN:30,(anonymous_620)
FN:30,(anonymous_621)
FN:30,(anonymous_622)
FN:30,(anonymous_623)
FN:30,(anonymous_624)
FN:30,(anonymous_625)
FN:30,S
FN:30,C
FN:30,_
FN:30,P
FN:30,F
FN:30,j
FN:30,A
FN:30,U
FN:30,(anonymous_634)
FN:30,(anonymous_635)
FN:30,(anonymous_636)
FN:30,(anonymous_637)
FN:30,(anonymous_638)
FN:30,(anonymous_639)
FN:30,(anonymous_640)
FN:30,(anonymous_641)
FN:30,(anonymous_642)
FN:30,(anonymous_643)
FN:30,(anonymous_644)
FN:30,(anonymous_645)
FN:30,a
FN:30,(anonymous_647)
FN:30,(anonymous_648)
FN:30,(anonymous_649)
FN:30,u
FN:30,(anonymous_651)
FN:30,(anonymous_652)
FN:30,(anonymous_653)
FN:30,(anonymous_654)
FN:30,(anonymous_655)
FN:30,(anonymous_656)
FN:30,(anonymous_657)
FN:30,(anonymous_658)
FN:30,(anonymous_659)
FN:30,o
FN:30,(anonymous_661)
FN:30,(anonymous_662)
FN:30,(anonymous_663)
FN:30,(anonymous_664)
FN:30,(anonymous_665)
FN:30,a
FN:30,(anonymous_667)
FN:30,(anonymous_668)
FN:30,(anonymous_669)
FN:30,(anonymous_670)
FN:30,(anonymous_671)
FN:30,(anonymous_672)
FN:30,(anonymous_673)
FN:30,(anonymous_674)
FN:30,i
FN:30,l
FN:30,a
FN:30,(anonymous_678)
FN:30,d
FN:30,p
FN:30,(anonymous_681)
FN:30,m
FN:30,h
FN:30,(anonymous_684)
FN:30,(anonymous_685)
FN:30,(anonymous_686)
FN:30,(anonymous_687)
FN:30,(anonymous_688)
FN:30,(anonymous_689)
FN:30,(anonymous_690)
FN:30,(anonymous_691)
FN:30,(anonymous_692)
FN:30,(anonymous_693)
FN:30,(anonymous_694)
FN:30,(anonymous_695)
FN:30,(anonymous_696)
FN:30,(anonymous_697)
FN:30,(anonymous_698)
FN:30,(anonymous_699)
FN:30,(anonymous_700)
FN:30,(anonymous_701)
FN:30,(anonymous_702)
FN:30,(anonymous_703)
FN:30,(anonymous_704)
FN:30,(anonymous_705)
FN:30,(anonymous_706)
FN:30,(anonymous_707)
FN:30,(anonymous_708)
FN:30,(anonymous_709)
FN:30,o
FN:30,(anonymous_711)
FN:30,(anonymous_712)
FN:30,(anonymous_713)
FN:30,(anonymous_714)
FN:30,(anonymous_715)
FN:30,(anonymous_716)
FN:30,(anonymous_717)
FN:30,(anonymous_718)
FN:30,(anonymous_719)
FN:30,(anonymous_720)
FN:30,o
FN:30,(anonymous_722)
FN:30,(anonymous_723)
FN:30,(anonymous_724)
FN:30,(anonymous_725)
FN:30,(anonymous_726)
FN:30,(anonymous_727)
FN:30,(anonymous_728)
FN:30,(anonymous_729)
FN:30,(anonymous_730)
FN:30,(anonymous_731)
FN:30,(anonymous_732)
FN:30,(anonymous_733)
FN:30,(anonymous_734)
FN:30,(anonymous_735)
FN:30,h
FN:30,(anonymous_737)
FN:30,(anonymous_738)
FN:30,v
FN:30,g
FN:30,(anonymous_741)
FN:30,y
FN:30,(anonymous_743)
FN:30,(anonymous_744)
FN:30,(anonymous_745)
FN:30,b
FN:30,(anonymous_747)
FN:30,w
FN:30,(anonymous_749)
FN:30,(anonymous_750)
FN:30,(anonymous_751)
FN:30,l
FN:30,(anonymous_753)
FN:30,(anonymous_754)
FN:30,(anonymous_755)
FN:30,(anonymous_756)
FN:30,(anonymous_757)
FN:30,(anonymous_758)
FNF:759
FNH:0
FNDA:0,(anonymous_0)
FNDA:0,n
FNDA:0,(anonymous_2)
FNDA:0,(anonymous_3)
FNDA:0,(anonymous_4)
FNDA:0,(anonymous_5)
FNDA:0,(anonymous_6)
FNDA:0,(anonymous_7)
FNDA:0,(anonymous_8)
FNDA:0,(anonymous_9)
FNDA:0,(anonymous_10)
FNDA:0,(anonymous_11)
FNDA:0,i
FNDA:0,l
FNDA:0,a
FNDA:0,u
FNDA:0,c
FNDA:0,(anonymous_17)
FNDA:0,(anonymous_18)
FNDA:0,(anonymous_19)
FNDA:0,(anonymous_20)
FNDA:0,(anonymous_21)
FNDA:0,(anonymous_22)
FNDA:0,(anonymous_23)
FNDA:0,(anonymous_24)
FNDA:0,(anonymous_25)
FNDA:0,(anonymous_26)
FNDA:0,(anonymous_27)
FNDA:0,(anonymous_28)
FNDA:0,e
FNDA:0,n
FNDA:0,e
FNDA:0,n
FNDA:0,(anonymous_33)
FNDA:0,(anonymous_34)
FNDA:0,(anonymous_35)
FNDA:0,(anonymous_36)
FNDA:0,(anonymous_37)
FNDA:0,(anonymous_38)
FNDA:0,(anonymous_39)
FNDA:0,(anonymous_40)
FNDA:0,(anonymous_41)
FNDA:0,(anonymous_42)
FNDA:0,(anonymous_43)
FNDA:0,l
FNDA:0,(anonymous_45)
FNDA:0,(anonymous_46)
FNDA:0,(anonymous_47)
FNDA:0,(anonymous_48)
FNDA:0,(anonymous_49)
FNDA:0,(anonymous_50)
FNDA:0,(anonymous_51)
FNDA:0,(anonymous_52)
FNDA:0,o
FNDA:0,(anonymous_54)
FNDA:0,(anonymous_55)
FNDA:0,(anonymous_56)
FNDA:0,(anonymous_57)
FNDA:0,(anonymous_58)
FNDA:0,(anonymous_59)
FNDA:0,(anonymous_60)
FNDA:0,l
FNDA:0,(anonymous_62)
FNDA:0,(anonymous_63)
FNDA:0,(anonymous_64)
FNDA:0,(anonymous_65)
FNDA:0,(anonymous_66)
FNDA:0,(anonymous_67)
FNDA:0,(anonymous_68)
FNDA:0,(anonymous_69)
FNDA:0,(anonymous_70)
FNDA:0,(anonymous_71)
FNDA:0,(anonymous_72)
FNDA:0,(anonymous_73)
FNDA:0,(anonymous_74)
FNDA:0,(anonymous_75)
FNDA:0,(anonymous_76)
FNDA:0,(anonymous_77)
FNDA:0,(anonymous_78)
FNDA:0,(anonymous_79)
FNDA:0,(anonymous_80)
FNDA:0,(anonymous_81)
FNDA:0,(anonymous_82)
FNDA:0,(anonymous_83)
FNDA:0,(anonymous_84)
FNDA:0,(anonymous_85)
FNDA:0,r
FNDA:0,(anonymous_87)
FNDA:0,(anonymous_88)
FNDA:0,(anonymous_89)
FNDA:0,(anonymous_90)
FNDA:0,(anonymous_91)
FNDA:0,a
FNDA:0,u
FNDA:0,c
FNDA:0,(anonymous_95)
FNDA:0,(anonymous_96)
FNDA:0,d
FNDA:0,p
FNDA:0,v
FNDA:0,(anonymous_100)
FNDA:0,(anonymous_101)
FNDA:0,(anonymous_102)
FNDA:0,(anonymous_103)
FNDA:0,(anonymous_104)
FNDA:0,(anonymous_105)
FNDA:0,e
FNDA:0,(anonymous_107)
FNDA:0,(anonymous_108)
FNDA:0,(anonymous_109)
FNDA:0,(anonymous_110)
FNDA:0,g
FNDA:0,(anonymous_112)
FNDA:0,(anonymous_113)
FNDA:0,(anonymous_114)
FNDA:0,(anonymous_115)
FNDA:0,w
FNDA:0,k
FNDA:0,x
FNDA:0,(anonymous_119)
FNDA:0,(anonymous_120)
FNDA:0,_
FNDA:0,P
FNDA:0,R
FNDA:0,z
FNDA:0,M
FNDA:0,e
FNDA:0,I
FNDA:0,(anonymous_128)
FNDA:0,(anonymous_129)
FNDA:0,D
FNDA:0,L
FNDA:0,(anonymous_132)
FNDA:0,(anonymous_133)
FNDA:0,F
FNDA:0,A
FNDA:0,(anonymous_136)
FNDA:0,(anonymous_137)
FNDA:0,(anonymous_138)
FNDA:0,(anonymous_139)
FNDA:0,(anonymous_140)
FNDA:0,(anonymous_141)
FNDA:0,(anonymous_142)
FNDA:0,(anonymous_143)
FNDA:0,(anonymous_144)
FNDA:0,(anonymous_145)
FNDA:0,(anonymous_146)
FNDA:0,(anonymous_147)
FNDA:0,(anonymous_148)
FNDA:0,(anonymous_149)
FNDA:0,(anonymous_150)
FNDA:0,(anonymous_151)
FNDA:0,(anonymous_152)
FNDA:0,(anonymous_153)
FNDA:0,(anonymous_154)
FNDA:0,(anonymous_155)
FNDA:0,(anonymous_156)
FNDA:0,(anonymous_157)
FNDA:0,(anonymous_158)
FNDA:0,(anonymous_159)
FNDA:0,(anonymous_160)
FNDA:0,l
FNDA:0,a
FNDA:0,(anonymous_163)
FNDA:0,p
FNDA:0,g
FNDA:0,(anonymous_166)
FNDA:0,w
FNDA:0,k
FNDA:0,C
FNDA:0,R
FNDA:0,z
FNDA:0,M
FNDA:0,I
FNDA:0,D
FNDA:0,L
FNDA:0,U
FNDA:0,B
FNDA:0,$
FNDA:0,(anonymous_179)
FNDA:0,(anonymous_180)
FNDA:0,(anonymous_181)
FNDA:0,(anonymous_182)
FNDA:0,(anonymous_183)
FNDA:0,(anonymous_184)
FNDA:0,(anonymous_185)
FNDA:0,(anonymous_186)
FNDA:0,(anonymous_187)
FNDA:0,Y
FNDA:0,(anonymous_189)
FNDA:0,(anonymous_190)
FNDA:0,(anonymous_191)
FNDA:0,(anonymous_192)
FNDA:0,(anonymous_193)
FNDA:0,G
FNDA:0,(anonymous_195)
FNDA:0,(anonymous_196)
FNDA:0,(anonymous_197)
FNDA:0,he
FNDA:0,ve
FNDA:0,ge
FNDA:0,ye
FNDA:0,be
FNDA:0,we
FNDA:0,(anonymous_204)
FNDA:0,(anonymous_205)
FNDA:0,(anonymous_206)
FNDA:0,(anonymous_207)
FNDA:0,(anonymous_208)
FNDA:0,(anonymous_209)
FNDA:0,ke
FNDA:0,xe
FNDA:0,Ee
FNDA:0,Te
FNDA:0,Se
FNDA:0,Ce
FNDA:0,_e
FNDA:0,Pe
FNDA:0,(anonymous_218)
FNDA:0,(anonymous_219)
FNDA:0,Ne
FNDA:0,Oe
FNDA:0,Re
FNDA:0,ze
FNDA:0,Me
FNDA:0,Le
FNDA:0,Fe
FNDA:0,(anonymous_227)
FNDA:0,(anonymous_228)
FNDA:0,(anonymous_229)
FNDA:0,(anonymous_230)
FNDA:0,Ue
FNDA:0,Be
FNDA:0,We
FNDA:0,Je
FNDA:0,Ze
FNDA:0,et
FNDA:0,tt
FNDA:0,nt
FNDA:0,(anonymous_239)
FNDA:0,rt
FNDA:0,ot
FNDA:0,lt
FNDA:0,at
FNDA:0,ut
FNDA:0,ct
FNDA:0,ft
FNDA:0,dt
FNDA:0,pt
FNDA:0,mt
FNDA:0,Pt
FNDA:0,Nt
FNDA:0,Ot
FNDA:0,Rt
FNDA:0,(anonymous_254)
FNDA:0,zt
FNDA:0,Mt
FNDA:0,It
FNDA:0,Dt
FNDA:0,Lt
FNDA:0,t
FNDA:0,Bt
FNDA:0,qt
FNDA:0,Kt
FNDA:0,Yt
FNDA:0,Xt
FNDA:0,Gt
FNDA:0,(anonymous_267)
FNDA:0,Jt
FNDA:0,tn
FNDA:0,nn
FNDA:0,(anonymous_271)
FNDA:0,(anonymous_272)
FNDA:0,on
FNDA:0,ln
FNDA:0,un
FNDA:0,cn
FNDA:0,sn
FNDA:0,fn
FNDA:0,dn
FNDA:0,pn
FNDA:0,mn
FNDA:0,gn
FNDA:0,yn
FNDA:0,kn
FNDA:0,xn
FNDA:0,_n
FNDA:0,Pn
FNDA:0,Nn
FNDA:0,On
FNDA:0,Rn
FNDA:0,zn
FNDA:0,Mn
FNDA:0,In
FNDA:0,Dn
FNDA:0,Ln
FNDA:0,Fn
FNDA:0,Bn
FNDA:0,Vn
FNDA:0,Hn
FNDA:0,Qn
FNDA:0,Wn
FNDA:0,$n
FNDA:0,qn
FNDA:0,(anonymous_304)
FNDA:0,(anonymous_305)
FNDA:0,(anonymous_306)
FNDA:0,(anonymous_307)
FNDA:0,(anonymous_308)
FNDA:0,(anonymous_309)
FNDA:0,(anonymous_310)
FNDA:0,t
FNDA:0,n
FNDA:0,or
FNDA:0,ir
FNDA:0,(anonymous_315)
FNDA:0,(anonymous_316)
FNDA:0,(anonymous_317)
FNDA:0,cr
FNDA:0,fr
FNDA:0,mr
FNDA:0,hr
FNDA:0,vr
FNDA:0,yr
FNDA:0,br
FNDA:0,wr
FNDA:0,kr
FNDA:0,xr
FNDA:0,Er
FNDA:0,(anonymous_329)
FNDA:0,_r
FNDA:0,Pr
FNDA:0,(anonymous_332)
FNDA:0,(anonymous_333)
FNDA:0,(anonymous_334)
FNDA:0,(anonymous_335)
FNDA:0,(anonymous_336)
FNDA:0,Ar
FNDA:0,$r
FNDA:0,(anonymous_339)
FNDA:0,(anonymous_340)
FNDA:0,Gr
FNDA:0,(anonymous_342)
FNDA:0,(anonymous_343)
FNDA:0,(anonymous_344)
FNDA:0,(anonymous_345)
FNDA:0,(anonymous_346)
FNDA:0,(anonymous_347)
FNDA:0,(anonymous_348)
FNDA:0,uo
FNDA:0,co
FNDA:0,ho
FNDA:0,vo
FNDA:0,go
FNDA:0,yo
FNDA:0,bo
FNDA:0,wo
FNDA:0,ko
FNDA:0,(anonymous_358)
FNDA:0,(anonymous_359)
FNDA:0,Bo
FNDA:0,Vo
FNDA:0,Ho
FNDA:0,Qo
FNDA:0,Wo
FNDA:0,$o
FNDA:0,qo
FNDA:0,(anonymous_367)
FNDA:0,Ko
FNDA:0,Yo
FNDA:0,ei
FNDA:0,ti
FNDA:0,ni
FNDA:0,ri
FNDA:0,oi
FNDA:0,li
FNDA:0,ai
FNDA:0,ui
FNDA:0,ci
FNDA:0,si
FNDA:0,fi
FNDA:0,di
FNDA:0,hi
FNDA:0,(anonymous_383)
FNDA:0,(anonymous_384)
FNDA:0,(anonymous_385)
FNDA:0,(anonymous_386)
FNDA:0,gi
FNDA:0,yi
FNDA:0,bi
FNDA:0,wi
FNDA:0,xi
FNDA:0,(anonymous_392)
FNDA:0,Ei
FNDA:0,Ti
FNDA:0,t
FNDA:0,n
FNDA:0,r
FNDA:0,o
FNDA:0,i
FNDA:0,a
FNDA:0,u
FNDA:0,c
FNDA:0,s
FNDA:0,f
FNDA:0,d
FNDA:0,p
FNDA:0,m
FNDA:0,h
FNDA:0,(anonymous_409)
FNDA:0,v
FNDA:0,(anonymous_411)
FNDA:0,(anonymous_412)
FNDA:0,Ri
FNDA:0,zi
FNDA:0,Mi
FNDA:0,Ii
FNDA:0,Di
FNDA:0,Fi
FNDA:0,ji
FNDA:0,$i
FNDA:0,qi
FNDA:0,Ki
FNDA:0,Yi
FNDA:0,Xi
FNDA:0,Gi
FNDA:0,Ji
FNDA:0,Zi
FNDA:0,el
FNDA:0,tl
FNDA:0,nl
FNDA:0,rl
FNDA:0,ol
FNDA:0,il
FNDA:0,ll
FNDA:0,al
FNDA:0,ul
FNDA:0,(anonymous_437)
FNDA:0,(anonymous_438)
FNDA:0,cl
FNDA:0,sl
FNDA:0,fl
FNDA:0,dl
FNDA:0,pl
FNDA:0,ml
FNDA:0,(anonymous_445)
FNDA:0,(anonymous_446)
FNDA:0,hl
FNDA:0,(anonymous_448)
FNDA:0,(anonymous_449)
FNDA:0,(anonymous_450)
FNDA:0,(anonymous_451)
FNDA:0,(anonymous_452)
FNDA:0,(anonymous_453)
FNDA:0,(anonymous_454)
FNDA:0,(anonymous_455)
FNDA:0,(anonymous_456)
FNDA:0,(anonymous_457)
FNDA:0,(anonymous_458)
FNDA:0,(anonymous_459)
FNDA:0,(anonymous_460)
FNDA:0,(anonymous_461)
FNDA:0,(anonymous_462)
FNDA:0,(anonymous_463)
FNDA:0,El
FNDA:0,Tl
FNDA:0,Sl
FNDA:0,Cl
FNDA:0,_l
FNDA:0,Pl
FNDA:0,Rl
FNDA:0,zl
FNDA:0,Ml
FNDA:0,Il
FNDA:0,Dl
FNDA:0,Ll
FNDA:0,Fl
FNDA:0,jl
FNDA:0,Al
FNDA:0,Ql
FNDA:0,Wl
FNDA:0,$l
FNDA:0,ql
FNDA:0,Kl
FNDA:0,Yl
FNDA:0,Xl
FNDA:0,Gl
FNDA:0,Jl
FNDA:0,(anonymous_488)
FNDA:0,(anonymous_489)
FNDA:0,(anonymous_490)
FNDA:0,ea
FNDA:0,(anonymous_492)
FNDA:0,ta
FNDA:0,na
FNDA:0,ra
FNDA:0,oa
FNDA:0,ia
FNDA:0,la
FNDA:0,(anonymous_499)
FNDA:0,(anonymous_500)
FNDA:0,aa
FNDA:0,ua
FNDA:0,ca
FNDA:0,e
FNDA:0,e
FNDA:0,sa
FNDA:0,fa
FNDA:0,da
FNDA:0,(anonymous_509)
FNDA:0,ma
FNDA:0,(anonymous_511)
FNDA:0,ha
FNDA:0,(anonymous_513)
FNDA:0,(anonymous_514)
FNDA:0,$a
FNDA:0,qa
FNDA:0,Ka
FNDA:0,Ya
FNDA:0,Xa
FNDA:0,Ga
FNDA:0,Ja
FNDA:0,Za
FNDA:0,eu
FNDA:0,tu
FNDA:0,nu
FNDA:0,ru
FNDA:0,ou
FNDA:0,iu
FNDA:0,lu
FNDA:0,au
FNDA:0,uu
FNDA:0,cu
FNDA:0,su
FNDA:0,fu
FNDA:0,du
FNDA:0,pu
FNDA:0,e
FNDA:0,mu
FNDA:0,(anonymous_539)
FNDA:0,hu
FNDA:0,vu
FNDA:0,gu
FNDA:0,yu
FNDA:0,bu
FNDA:0,wu
FNDA:0,(anonymous_546)
FNDA:0,(anonymous_547)
FNDA:0,(anonymous_548)
FNDA:0,(anonymous_549)
FNDA:0,(anonymous_550)
FNDA:0,Eu
FNDA:0,Tu
FNDA:0,Su
FNDA:0,Cu
FNDA:0,_u
FNDA:0,Pu
FNDA:0,Nu
FNDA:0,Ou
FNDA:0,Ru
FNDA:0,zu
FNDA:0,Mu
FNDA:0,Iu
FNDA:0,Du
FNDA:0,Lu
FNDA:0,Fu
FNDA:0,ju
FNDA:0,Au
FNDA:0,Uu
FNDA:0,(anonymous_569)
FNDA:0,(anonymous_570)
FNDA:0,(anonymous_571)
FNDA:0,Bu
FNDA:0,Vu
FNDA:0,(anonymous_574)
FNDA:0,(anonymous_575)
FNDA:0,(anonymous_576)
FNDA:0,(anonymous_577)
FNDA:0,Hu
FNDA:0,Qu
FNDA:0,(anonymous_580)
FNDA:0,(anonymous_581)
FNDA:0,(anonymous_582)
FNDA:0,(anonymous_583)
FNDA:0,(anonymous_584)
FNDA:0,(anonymous_585)
FNDA:0,(anonymous_586)
FNDA:0,(anonymous_587)
FNDA:0,(anonymous_588)
FNDA:0,(anonymous_589)
FNDA:0,(anonymous_590)
FNDA:0,(anonymous_591)
FNDA:0,(anonymous_592)
FNDA:0,(anonymous_593)
FNDA:0,(anonymous_594)
FNDA:0,(anonymous_595)
FNDA:0,(anonymous_596)
FNDA:0,(anonymous_597)
FNDA:0,(anonymous_598)
FNDA:0,(anonymous_599)
FNDA:0,(anonymous_600)
FNDA:0,(anonymous_601)
FNDA:0,(anonymous_602)
FNDA:0,(anonymous_603)
FNDA:0,(anonymous_604)
FNDA:0,(anonymous_605)
FNDA:0,(anonymous_606)
FNDA:0,(anonymous_607)
FNDA:0,(anonymous_608)
FNDA:0,(anonymous_609)
FNDA:0,(anonymous_610)
FNDA:0,(anonymous_611)
FNDA:0,(anonymous_612)
FNDA:0,(anonymous_613)
FNDA:0,(anonymous_614)
FNDA:0,(anonymous_615)
FNDA:0,(anonymous_616)
FNDA:0,(anonymous_617)
FNDA:0,(anonymous_618)
FNDA:0,(anonymous_619)
FNDA:0,(anonymous_620)
FNDA:0,(anonymous_621)
FNDA:0,(anonymous_622)
FNDA:0,(anonymous_623)
FNDA:0,(anonymous_624)
FNDA:0,(anonymous_625)
FNDA:0,S
FNDA:0,C
FNDA:0,_
FNDA:0,P
FNDA:0,F
FNDA:0,j
FNDA:0,A
FNDA:0,U
FNDA:0,(anonymous_634)
FNDA:0,(anonymous_635)
FNDA:0,(anonymous_636)
FNDA:0,(anonymous_637)
FNDA:0,(anonymous_638)
FNDA:0,(anonymous_639)
FNDA:0,(anonymous_640)
FNDA:0,(anonymous_641)
FNDA:0,(anonymous_642)
FNDA:0,(anonymous_643)
FNDA:0,(anonymous_644)
FNDA:0,(anonymous_645)
FNDA:0,a
FNDA:0,(anonymous_647)
FNDA:0,(anonymous_648)
FNDA:0,(anonymous_649)
FNDA:0,u
FNDA:0,(anonymous_651)
FNDA:0,(anonymous_652)
FNDA:0,(anonymous_653)
FNDA:0,(anonymous_654)
FNDA:0,(anonymous_655)
FNDA:0,(anonymous_656)
FNDA:0,(anonymous_657)
FNDA:0,(anonymous_658)
FNDA:0,(anonymous_659)
FNDA:0,o
FNDA:0,(anonymous_661)
FNDA:0,(anonymous_662)
FNDA:0,(anonymous_663)
FNDA:0,(anonymous_664)
FNDA:0,(anonymous_665)
FNDA:0,a
FNDA:0,(anonymous_667)
FNDA:0,(anonymous_668)
FNDA:0,(anonymous_669)
FNDA:0,(anonymous_670)
FNDA:0,(anonymous_671)
FNDA:0,(anonymous_672)
FNDA:0,(anonymous_673)
FNDA:0,(anonymous_674)
FNDA:0,i
FNDA:0,l
FNDA:0,a
FNDA:0,(anonymous_678)
FNDA:0,d
FNDA:0,p
FNDA:0,(anonymous_681)
FNDA:0,m
FNDA:0,h
FNDA:0,(anonymous_684)
FNDA:0,(anonymous_685)
FNDA:0,(anonymous_686)
FNDA:0,(anonymous_687)
FNDA:0,(anonymous_688)
FNDA:0,(anonymous_689)
FNDA:0,(anonymous_690)
FNDA:0,(anonymous_691)
FNDA:0,(anonymous_692)
FNDA:0,(anonymous_693)
FNDA:0,(anonymous_694)
FNDA:0,(anonymous_695)
FNDA:0,(anonymous_696)
FNDA:0,(anonymous_697)
FNDA:0,(anonymous_698)
FNDA:0,(anonymous_699)
FNDA:0,(anonymous_700)
FNDA:0,(anonymous_701)
FNDA:0,(anonymous_702)
FNDA:0,(anonymous_703)
FNDA:0,(anonymous_704)
FNDA:0,(anonymous_705)
FNDA:0,(anonymous_706)
FNDA:0,(anonymous_707)
FNDA:0,(anonymous_708)
FNDA:0,(anonymous_709)
FNDA:0,o
FNDA:0,(anonymous_711)
FNDA:0,(anonymous_712)
FNDA:0,(anonymous_713)
FNDA:0,(anonymous_714)
FNDA:0,(anonymous_715)
FNDA:0,(anonymous_716)
FNDA:0,(anonymous_717)
FNDA:0,(anonymous_718)
FNDA:0,(anonymous_719)
FNDA:0,(anonymous_720)
FNDA:0,o
FNDA:0,(anonymous_722)
FNDA:0,(anonymous_723)
FNDA:0,(anonymous_724)
FNDA:0,(anonymous_725)
FNDA:0,(anonymous_726)
FNDA:0,(anonymous_727)
FNDA:0,(anonymous_728)
FNDA:0,(anonymous_729)
FNDA:0,(anonymous_730)
FNDA:0,(anonymous_731)
FNDA:0,(anonymous_732)
FNDA:0,(anonymous_733)
FNDA:0,(anonymous_734)
FNDA:0,(anonymous_735)
FNDA:0,h
FNDA:0,(anonymous_737)
FNDA:0,(anonymous_738)
FNDA:0,v
FNDA:0,g
FNDA:0,(anonymous_741)
FNDA:0,y
FNDA:0,(anonymous_743)
FNDA:0,(anonymous_744)
FNDA:0,(anonymous_745)
FNDA:0,b
FNDA:0,(anonymous_747)
FNDA:0,w
FNDA:0,(anonymous_749)
FNDA:0,(anonymous_750)
FNDA:0,(anonymous_751)
FNDA:0,l
FNDA:0,(anonymous_753)
FNDA:0,(anonymous_754)
FNDA:0,(anonymous_755)
FNDA:0,(anonymous_756)
FNDA:0,(anonymous_757)
FNDA:0,(anonymous_758)
DA:1,0
DA:6,0
DA:14,0
DA:22,0
DA:30,0
LF:5
LH:0
BRDA:1,0,0,0
BRDA:1,0,1,0
BRDA:1,1,0,0
BRDA:1,1,1,0
BRDA:1,2,0,0
BRDA:1,2,1,0
BRDA:1,2,2,0
BRDA:1,3,0,0
BRDA:1,3,1,0
BRDA:1,4,0,0
BRDA:1,4,1,0
BRDA:1,5,0,0
BRDA:1,5,1,0
BRDA:1,6,0,0
BRDA:1,6,1,0
BRDA:1,6,2,0
BRDA:1,6,3,0
BRDA:1,7,0,0
BRDA:1,7,1,0
BRDA:1,8,0,0
BRDA:1,8,1,0
BRDA:1,9,0,0
BRDA:1,9,1,0
BRDA:1,10,0,0
BRDA:1,10,1,0
BRDA:1,11,0,0
BRDA:1,11,1,0
BRDA:1,12,0,0
BRDA:1,12,1,0
BRDA:1,13,0,0
BRDA:1,13,1,0
BRDA:1,14,0,0
BRDA:1,14,1,0
BRDA:1,15,0,0
BRDA:1,15,1,0
BRDA:1,16,0,0
BRDA:1,16,1,0
BRDA:1,16,2,0
BRDA:1,16,3,0
BRDA:1,16,4,0
BRDA:1,16,5,0
BRDA:1,17,0,0
BRDA:1,17,1,0
BRDA:1,18,0,0
BRDA:1,18,1,0
BRDA:1,19,0,0
BRDA:1,19,1,0
BRDA:1,20,0,0
BRDA:1,20,1,0
BRDA:1,20,2,0
BRDA:1,21,0,0
BRDA:1,21,1,0
BRDA:1,22,0,0
BRDA:1,22,1,0
BRDA:1,23,0,0
BRDA:1,23,1,0
BRDA:1,23,2,0
BRDA:1,23,3,0
BRDA:1,23,4,0
BRDA:1,23,5,0
BRDA:1,24,0,0
BRDA:1,24,1,0
BRDA:1,25,0,0
BRDA:1,25,1,0
BRDA:1,26,0,0
BRDA:1,26,1,0
BRDA:1,27,0,0
BRDA:1,27,1,0
BRDA:1,28,0,0
BRDA:1,28,1,0
BRDA:1,29,0,0
BRDA:1,29,1,0
BRDA:1,30,0,0
BRDA:1,30,1,0
BRDA:1,31,0,0
BRDA:1,31,1,0
BRDA:1,32,0,0
BRDA:1,32,1,0
BRDA:1,33,0,0
BRDA:1,33,1,0
BRDA:1,34,0,0
BRDA:1,34,1,0
BRDA:1,35,0,0
BRDA:1,35,1,0
BRDA:1,36,0,0
BRDA:1,36,1,0
BRDA:1,37,0,0
BRDA:1,37,1,0
BRDA:1,38,0,0
BRDA:1,38,1,0
BRDA:1,39,0,0
BRDA:1,39,1,0
BRDA:1,40,0,0
BRDA:1,40,1,0
BRDA:1,40,2,0
BRDA:1,41,0,0
BRDA:1,41,1,0
BRDA:1,42,0,0
BRDA:1,42,1,0
BRDA:6,43,0,0
BRDA:6,43,1,0
BRDA:6,44,0,0
BRDA:6,44,1,0
BRDA:6,45,0,0
BRDA:6,45,1,0
BRDA:6,46,0,0
BRDA:6,46,1,0
BRDA:6,47,0,0
BRDA:6,47,1,0
BRDA:6,48,0,0
BRDA:6,48,1,0
BRDA:6,49,0,0
BRDA:6,49,1,0
BRDA:6,50,0,0
BRDA:6,50,1,0
BRDA:6,51,0,0
BRDA:6,51,1,0
BRDA:6,52,0,0
BRDA:6,52,1,0
BRDA:6,53,0,0
BRDA:6,53,1,0
BRDA:6,54,0,0
BRDA:6,54,1,0
BRDA:6,55,0,0
BRDA:6,55,1,0
BRDA:6,56,0,0
BRDA:6,56,1,0
BRDA:6,57,0,0
BRDA:6,57,1,0
BRDA:6,58,0,0
BRDA:6,58,1,0
BRDA:6,59,0,0
BRDA:6,59,1,0
BRDA:6,60,0,0
BRDA:6,60,1,0
BRDA:6,61,0,0
BRDA:6,61,1,0
BRDA:6,62,0,0
BRDA:6,62,1,0
BRDA:6,62,2,0
BRDA:6,63,0,0
BRDA:6,63,1,0
BRDA:6,63,2,0
BRDA:6,63,3,0
BRDA:6,64,0,0
BRDA:6,64,1,0
BRDA:6,65,0,0
BRDA:6,65,1,0
BRDA:6,65,2,0
BRDA:6,65,3,0
BRDA:6,65,4,0
BRDA:6,65,5,0
BRDA:6,66,0,0
BRDA:6,66,1,0
BRDA:6,67,0,0
BRDA:6,67,1,0
BRDA:6,68,0,0
BRDA:6,68,1,0
BRDA:6,69,0,0
BRDA:6,69,1,0
BRDA:6,70,0,0
BRDA:6,70,1,0
BRDA:6,71,0,0
BRDA:6,71,1,0
BRDA:6,72,0,0
BRDA:6,72,1,0
BRDA:6,73,0,0
BRDA:6,73,1,0
BRDA:6,74,0,0
BRDA:6,74,1,0
BRDA:6,75,0,0
BRDA:6,75,1,0
BRDA:6,76,0,0
BRDA:6,76,1,0
BRDA:6,77,0,0
BRDA:6,77,1,0
BRDA:6,77,2,0
BRDA:6,77,3,0
BRDA:6,77,4,0
BRDA:6,78,0,0
BRDA:6,78,1,0
BRDA:6,79,0,0
BRDA:6,79,1,0
BRDA:6,80,0,0
BRDA:6,80,1,0
BRDA:6,81,0,0
BRDA:6,81,1,0
BRDA:6,82,0,0
BRDA:6,82,1,0
BRDA:6,83,0,0
BRDA:6,83,1,0
BRDA:6,84,0,0
BRDA:6,84,1,0
BRDA:6,84,2,0
BRDA:6,85,0,0
BRDA:6,85,1,0
BRDA:6,86,0,0
BRDA:6,86,1,0
BRDA:6,87,0,0
BRDA:6,87,1,0
BRDA:6,88,0,0
BRDA:6,88,1,0
BRDA:6,89,0,0
BRDA:6,89,1,0
BRDA:6,90,0,0
BRDA:6,90,1,0
BRDA:6,91,0,0
BRDA:6,91,1,0
BRDA:6,92,0,0
BRDA:6,92,1,0
BRDA:6,93,0,0
BRDA:6,93,1,0
BRDA:6,93,2,0
BRDA:6,94,0,0
BRDA:6,94,1,0
BRDA:6,95,0,0
BRDA:6,95,1,0
BRDA:6,96,0,0
BRDA:6,96,1,0
BRDA:6,97,0,0
BRDA:6,97,1,0
BRDA:6,98,0,0
BRDA:6,98,1,0
BRDA:6,99,0,0
BRDA:6,99,1,0
BRDA:6,100,0,0
BRDA:6,100,1,0
BRDA:6,101,0,0
BRDA:6,101,1,0
BRDA:6,102,0,0
BRDA:6,102,1,0
BRDA:6,103,0,0
BRDA:6,103,1,0
BRDA:6,104,0,0
BRDA:6,104,1,0
BRDA:6,105,0,0
BRDA:6,105,1,0
BRDA:6,106,0,0
BRDA:6,106,1,0
BRDA:6,107,0,0
BRDA:6,107,1,0
BRDA:6,108,0,0
BRDA:6,108,1,0
BRDA:6,109,0,0
BRDA:6,109,1,0
BRDA:6,109,2,0
BRDA:6,109,3,0
BRDA:6,110,0,0
BRDA:6,110,1,0
BRDA:6,111,0,0
BRDA:6,111,1,0
BRDA:6,112,0,0
BRDA:6,112,1,0
BRDA:6,113,0,0
BRDA:6,113,1,0
BRDA:6,114,0,0
BRDA:6,114,1,0
BRDA:6,115,0,0
BRDA:6,115,1,0
BRDA:6,116,0,0
BRDA:6,116,1,0
BRDA:6,117,0,0
BRDA:6,117,1,0
BRDA:6,118,0,0
BRDA:6,118,1,0
BRDA:6,119,0,0
BRDA:6,119,1,0
BRDA:6,120,0,0
BRDA:6,120,1,0
BRDA:6,121,0,0
BRDA:6,121,1,0
BRDA:6,122,0,0
BRDA:6,122,1,0
BRDA:6,123,0,0
BRDA:6,123,1,0
BRDA:6,124,0,0
BRDA:6,124,1,0
BRDA:6,125,0,0
BRDA:6,125,1,0
BRDA:6,126,0,0
BRDA:6,126,1,0
BRDA:6,127,0,0
BRDA:6,127,1,0
BRDA:6,128,0,0
BRDA:6,128,1,0
BRDA:6,129,0,0
BRDA:6,129,1,0
BRDA:6,130,0,0
BRDA:6,130,1,0
BRDA:6,130,2,0
BRDA:6,131,0,0
BRDA:6,131,1,0
BRDA:6,132,0,0
BRDA:6,132,1,0
BRDA:6,133,0,0
BRDA:6,133,1,0
BRDA:6,134,0,0
BRDA:6,134,1,0
BRDA:6,135,0,0
BRDA:6,135,1,0
BRDA:6,136,0,0
BRDA:6,136,1,0
BRDA:6,136,2,0
BRDA:6,137,0,0
BRDA:6,137,1,0
BRDA:6,137,2,0
BRDA:6,138,0,0
BRDA:6,138,1,0
BRDA:6,139,0,0
BRDA:6,139,1,0
BRDA:6,140,0,0
BRDA:6,140,1,0
BRDA:6,141,0,0
BRDA:6,141,1,0
BRDA:6,142,0,0
BRDA:6,142,1,0
BRDA:6,143,0,0
BRDA:6,143,1,0
BRDA:6,144,0,0
BRDA:6,144,1,0
BRDA:6,145,0,0
BRDA:6,145,1,0
BRDA:6,146,0,0
BRDA:6,146,1,0
BRDA:6,147,0,0
BRDA:6,147,1,0
BRDA:6,148,0,0
BRDA:6,148,1,0
BRDA:6,149,0,0
BRDA:6,149,1,0
BRDA:6,150,0,0
BRDA:6,150,1,0
BRDA:14,151,0,0
BRDA:14,151,1,0
BRDA:14,152,0,0
BRDA:14,152,1,0
BRDA:14,153,0,0
BRDA:14,153,1,0
BRDA:14,154,0,0
BRDA:14,154,1,0
BRDA:14,155,0,0
BRDA:14,155,1,0
BRDA:14,156,0,0
BRDA:14,156,1,0
BRDA:14,157,0,0
BRDA:14,157,1,0
BRDA:14,158,0,0
BRDA:14,158,1,0
BRDA:14,159,0,0
BRDA:14,159,1,0
BRDA:14,160,0,0
BRDA:14,160,1,0
BRDA:14,161,0,0
BRDA:14,161,1,0
BRDA:14,162,0,0
BRDA:14,162,1,0
BRDA:14,163,0,0
BRDA:14,163,1,0
BRDA:14,164,0,0
BRDA:14,164,1,0
BRDA:14,165,0,0
BRDA:14,165,1,0
BRDA:14,166,0,0
BRDA:14,166,1,0
BRDA:14,167,0,0
BRDA:14,167,1,0
BRDA:14,167,2,0
BRDA:14,168,0,0
BRDA:14,168,1,0
BRDA:14,169,0,0
BRDA:14,169,1,0
BRDA:14,170,0,0
BRDA:14,170,1,0
BRDA:14,171,0,0
BRDA:14,171,1,0
BRDA:14,171,2,0
BRDA:14,172,0,0
BRDA:14,172,1,0
BRDA:14,173,0,0
BRDA:14,173,1,0
BRDA:14,174,0,0
BRDA:14,174,1,0
BRDA:14,175,0,0
BRDA:14,175,1,0
BRDA:14,176,0,0
BRDA:14,176,1,0
BRDA:14,177,0,0
BRDA:14,177,1,0
BRDA:14,177,2,0
BRDA:14,178,0,0
BRDA:14,178,1,0
BRDA:14,179,0,0
BRDA:14,179,1,0
BRDA:14,180,0,0
BRDA:14,180,1,0
BRDA:14,181,0,0
BRDA:14,181,1,0
BRDA:14,181,2,0
BRDA:14,182,0,0
BRDA:14,182,1,0
BRDA:14,183,0,0
BRDA:14,183,1,0
BRDA:14,183,2,0
BRDA:14,184,0,0
BRDA:14,184,1,0
BRDA:14,185,0,0
BRDA:14,185,1,0
BRDA:14,186,0,0
BRDA:14,186,1,0
BRDA:14,187,0,0
BRDA:14,187,1,0
BRDA:14,188,0,0
BRDA:14,188,1,0
BRDA:14,189,0,0
BRDA:14,189,1,0
BRDA:14,190,0,0
BRDA:14,190,1,0
BRDA:14,191,0,0
BRDA:14,191,1,0
BRDA:14,192,0,0
BRDA:14,192,1,0
BRDA:14,193,0,0
BRDA:14,193,1,0
BRDA:14,193,2,0
BRDA:14,194,0,0
BRDA:14,194,1,0
BRDA:14,195,0,0
BRDA:14,195,1,0
BRDA:14,196,0,0
BRDA:14,196,1,0
BRDA:14,197,0,0
BRDA:14,197,1,0
BRDA:14,197,2,0
BRDA:14,198,0,0
BRDA:14,198,1,0
BRDA:14,199,0,0
BRDA:14,199,1,0
BRDA:14,200,0,0
BRDA:14,200,1,0
BRDA:14,201,0,0
BRDA:14,201,1,0
BRDA:14,202,0,0
BRDA:14,202,1,0
BRDA:14,202,2,0
BRDA:14,203,0,0
BRDA:14,203,1,0
BRDA:14,204,0,0
BRDA:14,204,1,0
BRDA:14,205,0,0
BRDA:14,205,1,0
BRDA:14,206,0,0
BRDA:14,206,1,0
BRDA:14,207,0,0
BRDA:14,207,1,0
BRDA:14,208,0,0
BRDA:14,208,1,0
BRDA:14,209,0,0
BRDA:14,209,1,0
BRDA:14,210,0,0
BRDA:14,210,1,0
BRDA:14,211,0,0
BRDA:14,211,1,0
BRDA:14,212,0,0
BRDA:14,212,1,0
BRDA:14,213,0,0
BRDA:14,213,1,0
BRDA:14,214,0,0
BRDA:14,214,1,0
BRDA:14,214,2,0
BRDA:14,215,0,0
BRDA:14,215,1,0
BRDA:14,216,0,0
BRDA:14,216,1,0
BRDA:14,217,0,0
BRDA:14,217,1,0
BRDA:14,218,0,0
BRDA:14,218,1,0
BRDA:14,219,0,0
BRDA:14,219,1,0
BRDA:14,220,0,0
BRDA:14,220,1,0
BRDA:22,221,0,0
BRDA:22,221,1,0
BRDA:22,222,0,0
BRDA:22,222,1,0
BRDA:22,223,0,0
BRDA:22,223,1,0
BRDA:22,224,0,0
BRDA:22,224,1,0
BRDA:22,225,0,0
BRDA:22,225,1,0
BRDA:22,226,0,0
BRDA:22,226,1,0
BRDA:22,227,0,0
BRDA:22,227,1,0
BRDA:22,228,0,0
BRDA:22,228,1,0
BRDA:22,229,0,0
BRDA:22,229,1,0
BRDA:22,230,0,0
BRDA:22,230,1,0
BRDA:22,231,0,0
BRDA:22,231,1,0
BRDA:22,232,0,0
BRDA:22,232,1,0
BRDA:22,233,0,0
BRDA:22,233,1,0
BRDA:22,234,0,0
BRDA:22,234,1,0
BRDA:22,235,0,0
BRDA:22,235,1,0
BRDA:22,236,0,0
BRDA:22,236,1,0
BRDA:22,237,0,0
BRDA:22,237,1,0
BRDA:22,238,0,0
BRDA:22,238,1,0
BRDA:22,239,0,0
BRDA:22,239,1,0
BRDA:22,240,0,0
BRDA:22,240,1,0
BRDA:22,241,0,0
BRDA:22,241,1,0
BRDA:22,241,2,0
BRDA:22,242,0,0
BRDA:22,242,1,0
BRDA:22,243,0,0
BRDA:22,243,1,0
BRDA:22,244,0,0
BRDA:22,244,1,0
BRDA:22,245,0,0
BRDA:22,245,1,0
BRDA:22,246,0,0
BRDA:22,246,1,0
BRDA:22,247,0,0
BRDA:22,247,1,0
BRDA:22,248,0,0
BRDA:22,248,1,0
BRDA:22,249,0,0
BRDA:22,249,1,0
BRDA:22,249,2,0
BRDA:22,250,0,0
BRDA:22,250,1,0
BRDA:22,251,0,0
BRDA:22,251,1,0
BRDA:22,251,2,0
BRDA:22,252,0,0
BRDA:22,252,1,0
BRDA:22,253,0,0
BRDA:22,253,1,0
BRDA:22,254,0,0
BRDA:22,254,1,0
BRDA:22,255,0,0
BRDA:22,255,1,0
BRDA:22,255,2,0
BRDA:22,255,3,0
BRDA:22,255,4,0
BRDA:22,255,5,0
BRDA:22,256,0,0
BRDA:22,256,1,0
BRDA:22,257,0,0
BRDA:22,257,1,0
BRDA:22,258,0,0
BRDA:22,258,1,0
BRDA:22,259,0,0
BRDA:22,259,1,0
BRDA:22,260,0,0
BRDA:22,260,1,0
BRDA:22,261,0,0
BRDA:22,261,1,0
BRDA:22,261,2,0
BRDA:22,261,3,0
BRDA:22,262,0,0
BRDA:22,262,1,0
BRDA:22,263,0,0
BRDA:22,263,1,0
BRDA:22,264,0,0
BRDA:22,264,1,0
BRDA:22,265,0,0
BRDA:22,265,1,0
BRDA:22,266,0,0
BRDA:22,266,1,0
BRDA:22,267,0,0
BRDA:22,267,1,0
BRDA:22,267,2,0
BRDA:22,267,3,0
BRDA:22,268,0,0
BRDA:22,268,1,0
BRDA:22,269,0,0
BRDA:22,269,1,0
BRDA:22,270,0,0
BRDA:22,270,1,0
BRDA:22,271,0,0
BRDA:22,271,1,0
BRDA:22,272,0,0
BRDA:22,272,1,0
BRDA:22,272,2,0
BRDA:22,273,0,0
BRDA:22,273,1,0
BRDA:22,274,0,0
BRDA:22,274,1,0
BRDA:22,275,0,0
BRDA:22,275,1,0
BRDA:22,276,0,0
BRDA:22,276,1,0
BRDA:22,277,0,0
BRDA:22,277,1,0
BRDA:22,278,0,0
BRDA:22,278,1,0
BRDA:22,279,0,0
BRDA:22,279,1,0
BRDA:22,280,0,0
BRDA:22,280,1,0
BRDA:22,280,2,0
BRDA:22,281,0,0
BRDA:22,281,1,0
BRDA:22,282,0,0
BRDA:22,282,1,0
BRDA:22,283,0,0
BRDA:22,283,1,0
BRDA:22,284,0,0
BRDA:22,284,1,0
BRDA:22,285,0,0
BRDA:22,285,1,0
BRDA:22,286,0,0
BRDA:22,286,1,0
BRDA:22,287,0,0
BRDA:22,287,1,0
BRDA:22,288,0,0
BRDA:22,288,1,0
BRDA:22,289,0,0
BRDA:22,289,1,0
BRDA:22,290,0,0
BRDA:22,290,1,0
BRDA:22,291,0,0
BRDA:22,291,1,0
BRDA:22,292,0,0
BRDA:22,292,1,0
BRDA:22,293,0,0
BRDA:22,293,1,0
BRDA:22,294,0,0
BRDA:22,294,1,0
BRDA:22,295,0,0
BRDA:22,295,1,0
BRDA:22,296,0,0
BRDA:22,296,1,0
BRDA:22,297,0,0
BRDA:22,297,1,0
BRDA:22,298,0,0
BRDA:22,298,1,0
BRDA:22,299,0,0
BRDA:22,299,1,0
BRDA:22,300,0,0
BRDA:22,300,1,0
BRDA:22,301,0,0
BRDA:22,301,1,0
BRDA:22,302,0,0
BRDA:22,302,1,0
BRDA:22,303,0,0
BRDA:22,303,1,0
BRDA:22,303,2,0
BRDA:22,304,0,0
BRDA:22,304,1,0
BRDA:22,305,0,0
BRDA:22,305,1,0
BRDA:22,306,0,0
BRDA:22,306,1,0
BRDA:22,306,2,0
BRDA:22,307,0,0
BRDA:22,307,1,0
BRDA:22,308,0,0
BRDA:22,308,1,0
BRDA:22,308,2,0
BRDA:22,308,3,0
BRDA:22,308,4,0
BRDA:22,308,5,0
BRDA:22,309,0,0
BRDA:22,309,1,0
BRDA:22,310,0,0
BRDA:22,310,1,0
BRDA:22,310,2,0
BRDA:22,310,3,0
BRDA:22,310,4,0
BRDA:22,310,5,0
BRDA:22,311,0,0
BRDA:22,311,1,0
BRDA:22,311,2,0
BRDA:22,312,0,0
BRDA:22,312,1,0
BRDA:22,313,0,0
BRDA:22,313,1,0
BRDA:22,314,0,0
BRDA:22,314,1,0
BRDA:22,315,0,0
BRDA:22,315,1,0
BRDA:22,316,0,0
BRDA:22,316,1,0
BRDA:22,316,2,0
BRDA:22,316,3,0
BRDA:22,316,4,0
BRDA:22,316,5,0
BRDA:22,316,6,0
BRDA:22,317,0,0
BRDA:22,317,1,0
BRDA:22,318,0,0
BRDA:22,318,1,0
BRDA:22,319,0,0
BRDA:22,319,1,0
BRDA:22,320,0,0
BRDA:22,320,1,0
BRDA:22,321,0,0
BRDA:22,321,1,0
BRDA:22,321,2,0
BRDA:22,321,3,0
BRDA:22,321,4,0
BRDA:22,321,5,0
BRDA:22,322,0,0
BRDA:22,322,1,0
BRDA:22,322,2,0
BRDA:22,322,3,0
BRDA:22,323,0,0
BRDA:22,323,1,0
BRDA:22,324,0,0
BRDA:22,324,1,0
BRDA:22,325,0,0
BRDA:22,325,1,0
BRDA:22,326,0,0
BRDA:22,326,1,0
BRDA:22,326,2,0
BRDA:22,326,3,0
BRDA:22,327,0,0
BRDA:22,327,1,0
BRDA:22,328,0,0
BRDA:22,328,1,0
BRDA:22,329,0,0
BRDA:22,329,1,0
BRDA:22,330,0,0
BRDA:22,330,1,0
BRDA:22,331,0,0
BRDA:22,331,1,0
BRDA:22,332,0,0
BRDA:22,332,1,0
BRDA:22,333,0,0
BRDA:22,333,1,0
BRDA:22,334,0,0
BRDA:22,334,1,0
BRDA:22,335,0,0
BRDA:22,335,1,0
BRDA:22,336,0,0
BRDA:22,336,1,0
BRDA:22,337,0,0
BRDA:22,337,1,0
BRDA:22,338,0,0
BRDA:22,338,1,0
BRDA:22,339,0,0
BRDA:22,339,1,0
BRDA:22,340,0,0
BRDA:22,340,1,0
BRDA:22,341,0,0
BRDA:22,341,1,0
BRDA:22,342,0,0
BRDA:22,342,1,0
BRDA:22,342,2,0
BRDA:22,342,3,0
BRDA:22,343,0,0
BRDA:22,343,1,0
BRDA:22,344,0,0
BRDA:22,344,1,0
BRDA:22,345,0,0
BRDA:22,345,1,0
BRDA:22,346,0,0
BRDA:22,346,1,0
BRDA:22,347,0,0
BRDA:22,347,1,0
BRDA:22,348,0,0
BRDA:22,348,1,0
BRDA:22,348,2,0
BRDA:22,349,0,0
BRDA:22,349,1,0
BRDA:22,350,0,0
BRDA:22,350,1,0
BRDA:22,351,0,0
BRDA:22,351,1,0
BRDA:22,352,0,0
BRDA:22,352,1,0
BRDA:22,352,2,0
BRDA:22,352,3,0
BRDA:22,353,0,0
BRDA:22,353,1,0
BRDA:22,353,2,0
BRDA:22,354,0,0
BRDA:22,354,1,0
BRDA:22,355,0,0
BRDA:22,355,1,0
BRDA:22,356,0,0
BRDA:22,356,1,0
BRDA:22,356,2,0
BRDA:22,357,0,0
BRDA:22,357,1,0
BRDA:22,358,0,0
BRDA:22,358,1,0
BRDA:22,359,0,0
BRDA:22,359,1,0
BRDA:22,360,0,0
BRDA:22,360,1,0
BRDA:22,361,0,0
BRDA:22,361,1,0
BRDA:22,362,0,0
BRDA:22,362,1,0
BRDA:22,363,0,0
BRDA:22,363,1,0
BRDA:22,363,2,0
BRDA:22,364,0,0
BRDA:22,364,1,0
BRDA:22,365,0,0
BRDA:22,365,1,0
BRDA:22,366,0,0
BRDA:22,366,1,0
BRDA:22,366,2,0
BRDA:22,367,0,0
BRDA:22,367,1,0
BRDA:22,368,0,0
BRDA:22,368,1,0
BRDA:22,369,0,0
BRDA:22,369,1,0
BRDA:22,370,0,0
BRDA:22,370,1,0
BRDA:22,371,0,0
BRDA:22,371,1,0
BRDA:22,372,0,0
BRDA:22,372,1,0
BRDA:22,373,0,0
BRDA:22,373,1,0
BRDA:22,374,0,0
BRDA:22,374,1,0
BRDA:22,375,0,0
BRDA:22,375,1,0
BRDA:22,376,0,0
BRDA:22,376,1,0
BRDA:22,377,0,0
BRDA:22,377,1,0
BRDA:22,377,2,0
BRDA:22,378,0,0
BRDA:22,378,1,0
BRDA:22,379,0,0
BRDA:22,379,1,0
BRDA:22,379,2,0
BRDA:22,379,3,0
BRDA:22,380,0,0
BRDA:22,380,1,0
BRDA:22,380,2,0
BRDA:22,381,0,0
BRDA:22,381,1,0
BRDA:22,382,0,0
BRDA:22,382,1,0
BRDA:22,383,0,0
BRDA:22,383,1,0
BRDA:22,384,0,0
BRDA:22,384,1,0
BRDA:22,385,0,0
BRDA:22,385,1,0
BRDA:22,386,0,0
BRDA:22,386,1,0
BRDA:22,387,0,0
BRDA:22,387,1,0
BRDA:22,388,0,0
BRDA:22,388,1,0
BRDA:22,389,0,0
BRDA:22,389,1,0
BRDA:22,390,0,0
BRDA:22,390,1,0
BRDA:22,391,0,0
BRDA:22,391,1,0
BRDA:22,392,0,0
BRDA:22,392,1,0
BRDA:22,392,2,0
BRDA:22,393,0,0
BRDA:22,393,1,0
BRDA:22,394,0,0
BRDA:22,394,1,0
BRDA:22,395,0,0
BRDA:22,395,1,0
BRDA:22,396,0,0
BRDA:22,396,1,0
BRDA:22,397,0,0
BRDA:22,397,1,0
BRDA:22,398,0,0
BRDA:22,398,1,0
BRDA:22,399,0,0
BRDA:22,399,1,0
BRDA:22,400,0,0
BRDA:22,400,1,0
BRDA:22,401,0,0
BRDA:22,401,1,0
BRDA:22,402,0,0
BRDA:22,402,1,0
BRDA:22,403,0,0
BRDA:22,403,1,0
BRDA:22,404,0,0
BRDA:22,404,1,0
BRDA:22,405,0,0
BRDA:22,405,1,0
BRDA:22,406,0,0
BRDA:22,406,1,0
BRDA:22,407,0,0
BRDA:22,407,1,0
BRDA:22,407,2,0
BRDA:22,408,0,0
BRDA:22,408,1,0
BRDA:22,409,0,0
BRDA:22,409,1,0
BRDA:22,410,0,0
BRDA:22,410,1,0
BRDA:22,411,0,0
BRDA:22,411,1,0
BRDA:22,412,0,0
BRDA:22,412,1,0
BRDA:22,413,0,0
BRDA:22,413,1,0
BRDA:22,414,0,0
BRDA:22,414,1,0
BRDA:22,415,0,0
BRDA:22,415,1,0
BRDA:22,416,0,0
BRDA:22,416,1,0
BRDA:22,417,0,0
BRDA:22,417,1,0
BRDA:22,418,0,0
BRDA:22,418,1,0
BRDA:22,419,0,0
BRDA:22,419,1,0
BRDA:22,420,0,0
BRDA:22,420,1,0
BRDA:22,421,0,0
BRDA:22,421,1,0
BRDA:22,422,0,0
BRDA:22,422,1,0
BRDA:22,423,0,0
BRDA:22,423,1,0
BRDA:22,424,0,0
BRDA:22,424,1,0
BRDA:22,425,0,0
BRDA:22,425,1,0
BRDA:22,426,0,0
BRDA:22,426,1,0
BRDA:22,427,0,0
BRDA:22,427,1,0
BRDA:22,428,0,0
BRDA:22,428,1,0
BRDA:22,429,0,0
BRDA:22,429,1,0
BRDA:22,430,0,0
BRDA:22,430,1,0
BRDA:22,431,0,0
BRDA:22,431,1,0
BRDA:22,432,0,0
BRDA:22,432,1,0
BRDA:22,433,0,0
BRDA:22,433,1,0
BRDA:22,434,0,0
BRDA:22,434,1,0
BRDA:22,435,0,0
BRDA:22,435,1,0
BRDA:22,436,0,0
BRDA:22,436,1,0
BRDA:22,437,0,0
BRDA:22,437,1,0
BRDA:22,438,0,0
BRDA:22,438,1,0
BRDA:22,439,0,0
BRDA:22,439,1,0
BRDA:22,440,0,0
BRDA:22,440,1,0
BRDA:22,441,0,0
BRDA:22,441,1,0
BRDA:22,442,0,0
BRDA:22,442,1,0
BRDA:22,443,0,0
BRDA:22,443,1,0
BRDA:22,444,0,0
BRDA:22,444,1,0
BRDA:22,445,0,0
BRDA:22,445,1,0
BRDA:22,446,0,0
BRDA:22,446,1,0
BRDA:22,447,0,0
BRDA:22,447,1,0
BRDA:22,448,0,0
BRDA:22,448,1,0
BRDA:22,449,0,0
BRDA:22,449,1,0
BRDA:22,450,0,0
BRDA:22,450,1,0
BRDA:22,451,0,0
BRDA:22,451,1,0
BRDA:22,452,0,0
BRDA:22,452,1,0
BRDA:22,452,2,0
BRDA:22,453,0,0
BRDA:22,453,1,0
BRDA:22,454,0,0
BRDA:22,454,1,0
BRDA:22,455,0,0
BRDA:22,455,1,0
BRDA:22,456,0,0
BRDA:22,456,1,0
BRDA:22,457,0,0
BRDA:22,457,1,0
BRDA:22,458,0,0
BRDA:22,458,1,0
BRDA:22,459,0,0
BRDA:22,459,1,0
BRDA:22,460,0,0
BRDA:22,460,1,0
BRDA:22,461,0,0
BRDA:22,461,1,0
BRDA:22,462,0,0
BRDA:22,462,1,0
BRDA:22,462,2,0
BRDA:22,463,0,0
BRDA:22,463,1,0
BRDA:22,464,0,0
BRDA:22,464,1,0
BRDA:22,464,2,0
BRDA:22,465,0,0
BRDA:22,465,1,0
BRDA:22,466,0,0
BRDA:22,466,1,0
BRDA:22,466,2,0
BRDA:22,466,3,0
BRDA:22,466,4,0
BRDA:22,466,5,0
BRDA:22,466,6,0
BRDA:22,466,7,0
BRDA:22,466,8,0
BRDA:22,467,0,0
BRDA:22,467,1,0
BRDA:22,468,0,0
BRDA:22,468,1,0
BRDA:22,469,0,0
BRDA:22,469,1,0
BRDA:22,469,2,0
BRDA:22,469,3,0
BRDA:22,469,4,0
BRDA:22,469,5,0
BRDA:22,469,6,0
BRDA:22,469,7,0
BRDA:22,469,8,0
BRDA:22,469,9,0
BRDA:22,470,0,0
BRDA:22,470,1,0
BRDA:22,471,0,0
BRDA:22,471,1,0
BRDA:22,472,0,0
BRDA:22,472,1,0
BRDA:22,472,2,0
BRDA:22,473,0,0
BRDA:22,473,1,0
BRDA:22,474,0,0
BRDA:22,474,1,0
BRDA:22,475,0,0
BRDA:22,475,1,0
BRDA:22,476,0,0
BRDA:22,476,1,0
BRDA:22,477,0,0
BRDA:22,477,1,0
BRDA:22,478,0,0
BRDA:22,478,1,0
BRDA:22,479,0,0
BRDA:22,479,1,0
BRDA:22,480,0,0
BRDA:22,480,1,0
BRDA:22,481,0,0
BRDA:22,481,1,0
BRDA:22,482,0,0
BRDA:22,482,1,0
BRDA:22,483,0,0
BRDA:22,483,1,0
BRDA:22,484,0,0
BRDA:22,484,1,0
BRDA:22,485,0,0
BRDA:22,485,1,0
BRDA:22,486,0,0
BRDA:22,486,1,0
BRDA:22,487,0,0
BRDA:22,487,1,0
BRDA:22,487,2,0
BRDA:22,488,0,0
BRDA:22,488,1,0
BRDA:22,488,2,0
BRDA:22,489,0,0
BRDA:22,489,1,0
BRDA:22,489,2,0
BRDA:22,490,0,0
BRDA:22,490,1,0
BRDA:22,491,0,0
BRDA:22,491,1,0
BRDA:22,492,0,0
BRDA:22,492,1,0
BRDA:22,493,0,0
BRDA:22,493,1,0
BRDA:22,494,0,0
BRDA:22,494,1,0
BRDA:22,495,0,0
BRDA:22,495,1,0
BRDA:22,496,0,0
BRDA:22,496,1,0
BRDA:22,497,0,0
BRDA:22,497,1,0
BRDA:22,498,0,0
BRDA:22,498,1,0
BRDA:22,499,0,0
BRDA:22,499,1,0
BRDA:22,500,0,0
BRDA:22,500,1,0
BRDA:22,500,2,0
BRDA:22,501,0,0
BRDA:22,501,1,0
BRDA:22,502,0,0
BRDA:22,502,1,0
BRDA:22,503,0,0
BRDA:22,503,1,0
BRDA:22,504,0,0
BRDA:22,504,1,0
BRDA:22,505,0,0
BRDA:22,505,1,0
BRDA:22,506,0,0
BRDA:22,506,1,0
BRDA:22,507,0,0
BRDA:22,507,1,0
BRDA:22,508,0,0
BRDA:22,508,1,0
BRDA:22,509,0,0
BRDA:22,509,1,0
BRDA:22,510,0,0
BRDA:22,510,1,0
BRDA:22,511,0,0
BRDA:22,511,1,0
BRDA:22,511,2,0
BRDA:22,511,3,0
BRDA:22,511,4,0
BRDA:22,512,0,0
BRDA:22,512,1,0
BRDA:22,513,0,0
BRDA:22,513,1,0
BRDA:22,514,0,0
BRDA:22,514,1,0
BRDA:22,515,0,0
BRDA:22,515,1,0
BRDA:22,516,0,0
BRDA:22,516,1,0
BRDA:22,517,0,0
BRDA:22,517,1,0
BRDA:22,518,0,0
BRDA:22,518,1,0
BRDA:22,519,0,0
BRDA:22,519,1,0
BRDA:22,520,0,0
BRDA:22,520,1,0
BRDA:22,521,0,0
BRDA:22,521,1,0
BRDA:22,522,0,0
BRDA:22,522,1,0
BRDA:22,523,0,0
BRDA:22,523,1,0
BRDA:22,523,2,0
BRDA:22,524,0,0
BRDA:22,524,1,0
BRDA:22,525,0,0
BRDA:22,525,1,0
BRDA:22,525,2,0
BRDA:22,525,3,0
BRDA:22,525,4,0
BRDA:22,526,0,0
BRDA:22,526,1,0
BRDA:22,527,0,0
BRDA:22,527,1,0
BRDA:22,528,0,0
BRDA:22,528,1,0
BRDA:22,529,0,0
BRDA:22,529,1,0
BRDA:22,530,0,0
BRDA:22,530,1,0
BRDA:22,531,0,0
BRDA:22,531,1,0
BRDA:22,531,2,0
BRDA:22,532,0,0
BRDA:22,532,1,0
BRDA:22,533,0,0
BRDA:22,533,1,0
BRDA:22,534,0,0
BRDA:22,534,1,0
BRDA:22,535,0,0
BRDA:22,535,1,0
BRDA:22,536,0,0
BRDA:22,536,1,0
BRDA:22,537,0,0
BRDA:22,537,1,0
BRDA:22,538,0,0
BRDA:22,538,1,0
BRDA:22,539,0,0
BRDA:22,539,1,0
BRDA:22,539,2,0
BRDA:22,539,3,0
BRDA:22,539,4,0
BRDA:22,539,5,0
BRDA:22,539,6,0
BRDA:22,539,7,0
BRDA:22,539,8,0
BRDA:22,540,0,0
BRDA:22,540,1,0
BRDA:22,541,0,0
BRDA:22,541,1,0
BRDA:22,542,0,0
BRDA:22,542,1,0
BRDA:22,543,0,0
BRDA:22,543,1,0
BRDA:22,544,0,0
BRDA:22,544,1,0
BRDA:22,545,0,0
BRDA:22,545,1,0
BRDA:22,546,0,0
BRDA:22,546,1,0
BRDA:22,547,0,0
BRDA:22,547,1,0
BRDA:22,548,0,0
BRDA:22,548,1,0
BRDA:22,549,0,0
BRDA:22,549,1,0
BRDA:22,550,0,0
BRDA:22,550,1,0
BRDA:22,551,0,0
BRDA:22,551,1,0
BRDA:22,552,0,0
BRDA:22,552,1,0
BRDA:22,552,2,0
BRDA:22,553,0,0
BRDA:22,553,1,0
BRDA:22,553,2,0
BRDA:22,553,3,0
BRDA:22,553,4,0
BRDA:22,553,5,0
BRDA:22,553,6,0
BRDA:22,553,7,0
BRDA:22,553,8,0
BRDA:22,554,0,0
BRDA:22,554,1,0
BRDA:22,554,2,0
BRDA:22,554,3,0
BRDA:22,555,0,0
BRDA:22,555,1,0
BRDA:22,555,2,0
BRDA:22,555,3,0
BRDA:22,555,4,0
BRDA:22,555,5,0
BRDA:22,555,6,0
BRDA:22,555,7,0
BRDA:22,556,0,0
BRDA:22,556,1,0
BRDA:22,557,0,0
BRDA:22,557,1,0
BRDA:22,558,0,0
BRDA:22,558,1,0
BRDA:22,559,0,0
BRDA:22,559,1,0
BRDA:22,560,0,0
BRDA:22,560,1,0
BRDA:22,561,0,0
BRDA:22,561,1,0
BRDA:22,562,0,0
BRDA:22,562,1,0
BRDA:22,562,2,0
BRDA:22,563,0,0
BRDA:22,563,1,0
BRDA:22,564,0,0
BRDA:22,564,1,0
BRDA:22,565,0,0
BRDA:22,565,1,0
BRDA:22,566,0,0
BRDA:22,566,1,0
BRDA:22,567,0,0
BRDA:22,567,1,0
BRDA:22,568,0,0
BRDA:22,568,1,0
BRDA:22,569,0,0
BRDA:22,569,1,0
BRDA:22,569,2,0
BRDA:22,570,0,0
BRDA:22,570,1,0
BRDA:22,571,0,0
BRDA:22,571,1,0
BRDA:22,572,0,0
BRDA:22,572,1,0
BRDA:22,572,2,0
BRDA:22,572,3,0
BRDA:22,572,4,0
BRDA:22,573,0,0
BRDA:22,573,1,0
BRDA:22,574,0,0
BRDA:22,574,1,0
BRDA:22,575,0,0
BRDA:22,575,1,0
BRDA:22,576,0,0
BRDA:22,576,1,0
BRDA:22,577,0,0
BRDA:22,577,1,0
BRDA:22,578,0,0
BRDA:22,578,1,0
BRDA:22,579,0,0
BRDA:22,579,1,0
BRDA:22,580,0,0
BRDA:22,580,1,0
BRDA:22,581,0,0
BRDA:22,581,1,0
BRDA:22,581,2,0
BRDA:22,581,3,0
BRDA:22,581,4,0
BRDA:22,581,5,0
BRDA:22,581,6,0
BRDA:22,581,7,0
BRDA:22,581,8,0
BRDA:22,581,9,0
BRDA:22,581,10,0
BRDA:22,581,11,0
BRDA:22,582,0,0
BRDA:22,582,1,0
BRDA:22,583,0,0
BRDA:22,583,1,0
BRDA:22,583,2,0
BRDA:22,583,3,0
BRDA:22,584,0,0
BRDA:22,584,1,0
BRDA:22,585,0,0
BRDA:22,585,1,0
BRDA:22,586,0,0
BRDA:22,586,1,0
BRDA:22,587,0,0
BRDA:22,587,1,0
BRDA:22,588,0,0
BRDA:22,588,1,0
BRDA:22,589,0,0
BRDA:22,589,1,0
BRDA:22,590,0,0
BRDA:22,590,1,0
BRDA:22,590,2,0
BRDA:22,590,3,0
BRDA:22,590,4,0
BRDA:22,591,0,0
BRDA:22,591,1,0
BRDA:22,591,2,0
BRDA:22,592,0,0
BRDA:22,592,1,0
BRDA:22,593,0,0
BRDA:22,593,1,0
BRDA:22,594,0,0
BRDA:22,594,1,0
BRDA:22,595,0,0
BRDA:22,595,1,0
BRDA:22,596,0,0
BRDA:22,596,1,0
BRDA:22,597,0,0
BRDA:22,597,1,0
BRDA:22,598,0,0
BRDA:22,598,1,0
BRDA:22,599,0,0
BRDA:22,599,1,0
BRDA:22,600,0,0
BRDA:22,600,1,0
BRDA:22,601,0,0
BRDA:22,601,1,0
BRDA:22,602,0,0
BRDA:22,602,1,0
BRDA:22,603,0,0
BRDA:22,603,1,0
BRDA:22,604,0,0
BRDA:22,604,1,0
BRDA:22,605,0,0
BRDA:22,605,1,0
BRDA:22,606,0,0
BRDA:22,606,1,0
BRDA:22,607,0,0
BRDA:22,607,1,0
BRDA:22,608,0,0
BRDA:22,608,1,0
BRDA:22,609,0,0
BRDA:22,609,1,0
BRDA:22,610,0,0
BRDA:22,610,1,0
BRDA:22,611,0,0
BRDA:22,611,1,0
BRDA:22,612,0,0
BRDA:22,612,1,0
BRDA:22,613,0,0
BRDA:22,613,1,0
BRDA:22,613,2,0
BRDA:22,614,0,0
BRDA:22,614,1,0
BRDA:22,614,2,0
BRDA:22,615,0,0
BRDA:22,615,1,0
BRDA:22,615,2,0
BRDA:22,615,3,0
BRDA:22,615,4,0
BRDA:22,616,0,0
BRDA:22,616,1,0
BRDA:22,616,2,0
BRDA:22,616,3,0
BRDA:22,616,4,0
BRDA:22,616,5,0
BRDA:22,617,0,0
BRDA:22,617,1,0
BRDA:22,618,0,0
BRDA:22,618,1,0
BRDA:22,619,0,0
BRDA:22,619,1,0
BRDA:22,620,0,0
BRDA:22,620,1,0
BRDA:22,620,2,0
BRDA:22,621,0,0
BRDA:22,621,1,0
BRDA:22,622,0,0
BRDA:22,622,1,0
BRDA:22,623,0,0
BRDA:22,623,1,0
BRDA:22,623,2,0
BRDA:22,624,0,0
BRDA:22,624,1,0
BRDA:22,625,0,0
BRDA:22,625,1,0
BRDA:22,625,2,0
BRDA:22,626,0,0
BRDA:22,626,1,0
BRDA:22,627,0,0
BRDA:22,627,1,0
BRDA:22,628,0,0
BRDA:22,628,1,0
BRDA:22,628,2,0
BRDA:22,629,0,0
BRDA:22,629,1,0
BRDA:22,630,0,0
BRDA:22,630,1,0
BRDA:22,631,0,0
BRDA:22,631,1,0
BRDA:22,632,0,0
BRDA:22,632,1,0
BRDA:22,633,0,0
BRDA:22,633,1,0
BRDA:22,634,0,0
BRDA:22,634,1,0
BRDA:22,634,2,0
BRDA:22,634,3,0
BRDA:22,635,0,0
BRDA:22,635,1,0
BRDA:22,636,0,0
BRDA:22,636,1,0
BRDA:22,637,0,0
BRDA:22,637,1,0
BRDA:22,638,0,0
BRDA:22,638,1,0
BRDA:22,639,0,0
BRDA:22,639,1,0
BRDA:22,640,0,0
BRDA:22,640,1,0
BRDA:22,640,2,0
BRDA:22,641,0,0
BRDA:22,641,1,0
BRDA:22,641,2,0
BRDA:22,641,3,0
BRDA:22,642,0,0
BRDA:22,642,1,0
BRDA:22,643,0,0
BRDA:22,643,1,0
BRDA:22,643,2,0
BRDA:22,644,0,0
BRDA:22,644,1,0
BRDA:22,644,2,0
BRDA:22,645,0,0
BRDA:22,645,1,0
BRDA:22,646,0,0
BRDA:22,646,1,0
BRDA:22,647,0,0
BRDA:22,647,1,0
BRDA:22,648,0,0
BRDA:22,648,1,0
BRDA:22,649,0,0
BRDA:22,649,1,0
BRDA:22,650,0,0
BRDA:22,650,1,0
BRDA:22,651,0,0
BRDA:22,651,1,0
BRDA:22,652,0,0
BRDA:22,652,1,0
BRDA:22,652,2,0
BRDA:22,653,0,0
BRDA:22,653,1,0
BRDA:22,654,0,0
BRDA:22,654,1,0
BRDA:22,655,0,0
BRDA:22,655,1,0
BRDA:22,656,0,0
BRDA:22,656,1,0
BRDA:22,657,0,0
BRDA:22,657,1,0
BRDA:22,658,0,0
BRDA:22,658,1,0
BRDA:22,659,0,0
BRDA:22,659,1,0
BRDA:22,660,0,0
BRDA:22,660,1,0
BRDA:22,661,0,0
BRDA:22,661,1,0
BRDA:22,662,0,0
BRDA:22,662,1,0
BRDA:22,663,0,0
BRDA:22,663,1,0
BRDA:22,663,2,0
BRDA:22,664,0,0
BRDA:22,664,1,0
BRDA:22,665,0,0
BRDA:22,665,1,0
BRDA:22,666,0,0
BRDA:22,666,1,0
BRDA:22,667,0,0
BRDA:22,667,1,0
BRDA:22,668,0,0
BRDA:22,668,1,0
BRDA:22,668,2,0
BRDA:22,669,0,0
BRDA:22,669,1,0
BRDA:22,670,0,0
BRDA:22,670,1,0
BRDA:22,671,0,0
BRDA:22,671,1,0
BRDA:22,672,0,0
BRDA:22,672,1,0
BRDA:22,672,2,0
BRDA:22,673,0,0
BRDA:22,673,1,0
BRDA:22,674,0,0
BRDA:22,674,1,0
BRDA:22,675,0,0
BRDA:22,675,1,0
BRDA:22,675,2,0
BRDA:22,675,3,0
BRDA:22,675,4,0
BRDA:22,676,0,0
BRDA:22,676,1,0
BRDA:22,677,0,0
BRDA:22,677,1,0
BRDA:22,678,0,0
BRDA:22,678,1,0
BRDA:22,679,0,0
BRDA:22,679,1,0
BRDA:22,679,2,0
BRDA:22,679,3,0
BRDA:22,679,4,0
BRDA:22,680,0,0
BRDA:22,680,1,0
BRDA:22,681,0,0
BRDA:22,681,1,0
BRDA:22,682,0,0
BRDA:22,682,1,0
BRDA:22,683,0,0
BRDA:22,683,1,0
BRDA:22,684,0,0
BRDA:22,684,1,0
BRDA:22,685,0,0
BRDA:22,685,1,0
BRDA:22,686,0,0
BRDA:22,686,1,0
BRDA:22,687,0,0
BRDA:22,687,1,0
BRDA:22,688,0,0
BRDA:22,688,1,0
BRDA:22,689,0,0
BRDA:22,689,1,0
BRDA:22,690,0,0
BRDA:22,690,1,0
BRDA:22,691,0,0
BRDA:22,691,1,0
BRDA:22,692,0,0
BRDA:22,692,1,0
BRDA:22,693,0,0
BRDA:22,693,1,0
BRDA:22,693,2,0
BRDA:22,693,3,0
BRDA:22,693,4,0
BRDA:22,693,5,0
BRDA:22,694,0,0
BRDA:22,694,1,0
BRDA:22,695,0,0
BRDA:22,695,1,0
BRDA:22,696,0,0
BRDA:22,696,1,0
BRDA:22,697,0,0
BRDA:22,697,1,0
BRDA:22,698,0,0
BRDA:22,698,1,0
BRDA:22,698,2,0
BRDA:22,698,3,0
BRDA:22,698,4,0
BRDA:22,699,0,0
BRDA:22,699,1,0
BRDA:22,700,0,0
BRDA:22,700,1,0
BRDA:22,701,0,0
BRDA:22,701,1,0
BRDA:22,702,0,0
BRDA:22,702,1,0
BRDA:22,703,0,0
BRDA:22,703,1,0
BRDA:22,704,0,0
BRDA:22,704,1,0
BRDA:22,704,2,0
BRDA:22,705,0,0
BRDA:22,705,1,0
BRDA:22,706,0,0
BRDA:22,706,1,0
BRDA:22,707,0,0
BRDA:22,707,1,0
BRDA:22,708,0,0
BRDA:22,708,1,0
BRDA:22,709,0,0
BRDA:22,709,1,0
BRDA:22,710,0,0
BRDA:22,710,1,0
BRDA:22,711,0,0
BRDA:22,711,1,0
BRDA:22,711,2,0
BRDA:22,711,3,0
BRDA:22,712,0,0
BRDA:22,712,1,0
BRDA:22,712,2,0
BRDA:22,712,3,0
BRDA:22,713,0,0
BRDA:22,713,1,0
BRDA:22,714,0,0
BRDA:22,714,1,0
BRDA:22,715,0,0
BRDA:22,715,1,0
BRDA:22,715,2,0
BRDA:22,715,3,0
BRDA:22,715,4,0
BRDA:22,716,0,0
BRDA:22,716,1,0
BRDA:22,717,0,0
BRDA:22,717,1,0
BRDA:22,718,0,0
BRDA:22,718,1,0
BRDA:22,718,2,0
BRDA:22,718,3,0
BRDA:22,719,0,0
BRDA:22,719,1,0
BRDA:22,720,0,0
BRDA:22,720,1,0
BRDA:22,721,0,0
BRDA:22,721,1,0
BRDA:22,722,0,0
BRDA:22,722,1,0
BRDA:22,722,2,0
BRDA:22,723,0,0
BRDA:22,723,1,0
BRDA:22,724,0,0
BRDA:22,724,1,0
BRDA:22,725,0,0
BRDA:22,725,1,0
BRDA:22,726,0,0
BRDA:22,726,1,0
BRDA:22,726,2,0
BRDA:22,727,0,0
BRDA:22,727,1,0
BRDA:22,728,0,0
BRDA:22,728,1,0
BRDA:22,729,0,0
BRDA:22,729,1,0
BRDA:22,729,2,0
BRDA:22,730,0,0
BRDA:22,730,1,0
BRDA:22,731,0,0
BRDA:22,731,1,0
BRDA:22,732,0,0
BRDA:22,732,1,0
BRDA:22,733,0,0
BRDA:22,733,1,0
BRDA:22,734,0,0
BRDA:22,734,1,0
BRDA:22,735,0,0
BRDA:22,735,1,0
BRDA:22,736,0,0
BRDA:22,736,1,0
BRDA:22,737,0,0
BRDA:22,737,1,0
BRDA:22,738,0,0
BRDA:22,738,1,0
BRDA:22,738,2,0
BRDA:22,738,3,0
BRDA:22,738,4,0
BRDA:22,738,5,0
BRDA:22,738,6,0
BRDA:22,738,7,0
BRDA:22,738,8,0
BRDA:22,739,0,0
BRDA:22,739,1,0
BRDA:22,740,0,0
BRDA:22,740,1,0
BRDA:22,740,2,0
BRDA:22,741,0,0
BRDA:22,741,1,0
BRDA:22,742,0,0
BRDA:22,742,1,0
BRDA:22,743,0,0
BRDA:22,743,1,0
BRDA:22,744,0,0
BRDA:22,744,1,0
BRDA:22,744,2,0
BRDA:22,745,0,0
BRDA:22,745,1,0
BRDA:22,746,0,0
BRDA:22,746,1,0
BRDA:22,747,0,0
BRDA:22,747,1,0
BRDA:22,748,0,0
BRDA:22,748,1,0
BRDA:22,749,0,0
BRDA:22,749,1,0
BRDA:22,750,0,0
BRDA:22,750,1,0
BRDA:22,751,0,0
BRDA:22,751,1,0
BRDA:22,752,0,0
BRDA:22,752,1,0
BRDA:22,753,0,0
BRDA:22,753,1,0
BRDA:22,754,0,0
BRDA:22,754,1,0
BRDA:22,755,0,0
BRDA:22,755,1,0
BRDA:22,756,0,0
BRDA:22,756,1,0
BRDA:22,757,0,0
BRDA:22,757,1,0
BRDA:22,758,0,0
BRDA:22,758,1,0
BRDA:22,759,0,0
BRDA:22,759,1,0
BRDA:22,760,0,0
BRDA:22,760,1,0
BRDA:22,761,0,0
BRDA:22,761,1,0
BRDA:22,762,0,0
BRDA:22,762,1,0
BRDA:22,763,0,0
BRDA:22,763,1,0
BRDA:22,764,0,0
BRDA:22,764,1,0
BRDA:22,765,0,0
BRDA:22,765,1,0
BRDA:22,766,0,0
BRDA:22,766,1,0
BRDA:22,767,0,0
BRDA:22,767,1,0
BRDA:22,768,0,0
BRDA:22,768,1,0
BRDA:22,768,2,0
BRDA:22,768,3,0
BRDA:22,768,4,0
BRDA:22,768,5,0
BRDA:22,768,6,0
BRDA:22,768,7,0
BRDA:22,768,8,0
BRDA:22,768,9,0
BRDA:22,768,10,0
BRDA:22,768,11,0
BRDA:22,768,12,0
BRDA:22,768,13,0
BRDA:22,768,14,0
BRDA:22,768,15,0
BRDA:22,768,16,0
BRDA:22,768,17,0
BRDA:22,768,18,0
BRDA:22,768,19,0
BRDA:22,768,20,0
BRDA:22,768,21,0
BRDA:22,768,22,0
BRDA:22,768,23,0
BRDA:22,768,24,0
BRDA:22,768,25,0
BRDA:22,768,26,0
BRDA:22,768,27,0
BRDA:22,768,28,0
BRDA:22,768,29,0
BRDA:22,768,30,0
BRDA:22,768,31,0
BRDA:22,768,32,0
BRDA:22,768,33,0
BRDA:22,768,34,0
BRDA:22,768,35,0
BRDA:22,768,36,0
BRDA:22,768,37,0
BRDA:22,768,38,0
BRDA:22,768,39,0
BRDA:22,768,40,0
BRDA:22,768,41,0
BRDA:22,768,42,0
BRDA:22,768,43,0
BRDA:22,769,0,0
BRDA:22,769,1,0
BRDA:22,770,0,0
BRDA:22,770,1,0
BRDA:22,771,0,0
BRDA:22,771,1,0
BRDA:22,772,0,0
BRDA:22,772,1,0
BRDA:22,773,0,0
BRDA:22,773,1,0
BRDA:22,774,0,0
BRDA:22,774,1,0
BRDA:22,775,0,0
BRDA:22,775,1,0
BRDA:22,776,0,0
BRDA:22,776,1,0
BRDA:22,777,0,0
BRDA:22,777,1,0
BRDA:22,778,0,0
BRDA:22,778,1,0
BRDA:22,779,0,0
BRDA:22,779,1,0
BRDA:22,780,0,0
BRDA:22,780,1,0
BRDA:22,781,0,0
BRDA:22,781,1,0
BRDA:22,781,2,0
BRDA:22,782,0,0
BRDA:22,782,1,0
BRDA:22,783,0,0
BRDA:22,783,1,0
BRDA:22,784,0,0
BRDA:22,784,1,0
BRDA:22,785,0,0
BRDA:22,785,1,0
BRDA:22,786,0,0
BRDA:22,786,1,0
BRDA:22,786,2,0
BRDA:22,786,3,0
BRDA:22,786,4,0
BRDA:22,786,5,0
BRDA:22,787,0,0
BRDA:22,787,1,0
BRDA:22,787,2,0
BRDA:22,787,3,0
BRDA:22,787,4,0
BRDA:22,787,5,0
BRDA:22,788,0,0
BRDA:22,788,1,0
BRDA:22,789,0,0
BRDA:22,789,1,0
BRDA:22,790,0,0
BRDA:22,790,1,0
BRDA:22,791,0,0
BRDA:22,791,1,0
BRDA:22,792,0,0
BRDA:22,792,1,0
BRDA:22,793,0,0
BRDA:22,793,1,0
BRDA:22,794,0,0
BRDA:22,794,1,0
BRDA:22,795,0,0
BRDA:22,795,1,0
BRDA:22,796,0,0
BRDA:22,796,1,0
BRDA:22,797,0,0
BRDA:22,797,1,0
BRDA:22,797,2,0
BRDA:22,798,0,0
BRDA:22,798,1,0
BRDA:22,799,0,0
BRDA:22,799,1,0
BRDA:22,800,0,0
BRDA:22,800,1,0
BRDA:22,800,2,0
BRDA:22,801,0,0
BRDA:22,801,1,0
BRDA:22,802,0,0
BRDA:22,802,1,0
BRDA:22,803,0,0
BRDA:22,803,1,0
BRDA:22,803,2,0
BRDA:22,804,0,0
BRDA:22,804,1,0
BRDA:22,805,0,0
BRDA:22,805,1,0
BRDA:22,805,2,0
BRDA:22,806,0,0
BRDA:22,806,1,0
BRDA:22,807,0,0
BRDA:22,807,1,0
BRDA:22,808,0,0
BRDA:22,808,1,0
BRDA:22,809,0,0
BRDA:22,809,1,0
BRDA:22,810,0,0
BRDA:22,810,1,0
BRDA:22,811,0,0
BRDA:22,811,1,0
BRDA:22,812,0,0
BRDA:22,812,1,0
BRDA:22,813,0,0
BRDA:22,813,1,0
BRDA:22,814,0,0
BRDA:22,814,1,0
BRDA:22,814,2,0
BRDA:22,815,0,0
BRDA:22,815,1,0
BRDA:22,816,0,0
BRDA:22,816,1,0
BRDA:22,817,0,0
BRDA:22,817,1,0
BRDA:22,818,0,0
BRDA:22,818,1,0
BRDA:22,819,0,0
BRDA:22,819,1,0
BRDA:22,820,0,0
BRDA:22,820,1,0
BRDA:22,821,0,0
BRDA:22,821,1,0
BRDA:22,821,2,0
BRDA:22,821,3,0
BRDA:22,822,0,0
BRDA:22,822,1,0
BRDA:22,823,0,0
BRDA:22,823,1,0
BRDA:22,824,0,0
BRDA:22,824,1,0
BRDA:22,825,0,0
BRDA:22,825,1,0
BRDA:22,826,0,0
BRDA:22,826,1,0
BRDA:22,827,0,0
BRDA:22,827,1,0
BRDA:22,828,0,0
BRDA:22,828,1,0
BRDA:22,829,0,0
BRDA:22,829,1,0
BRDA:22,830,0,0
BRDA:22,830,1,0
BRDA:22,831,0,0
BRDA:22,831,1,0
BRDA:22,832,0,0
BRDA:22,832,1,0
BRDA:22,833,0,0
BRDA:22,833,1,0
BRDA:22,834,0,0
BRDA:22,834,1,0
BRDA:22,835,0,0
BRDA:22,835,1,0
BRDA:22,836,0,0
BRDA:22,836,1,0
BRDA:22,837,0,0
BRDA:22,837,1,0
BRDA:22,838,0,0
BRDA:22,838,1,0
BRDA:22,839,0,0
BRDA:22,839,1,0
BRDA:22,840,0,0
BRDA:22,840,1,0
BRDA:22,841,0,0
BRDA:22,841,1,0
BRDA:22,841,2,0
BRDA:22,841,3,0
BRDA:22,842,0,0
BRDA:22,842,1,0
BRDA:22,843,0,0
BRDA:22,843,1,0
BRDA:22,844,0,0
BRDA:22,844,1,0
BRDA:22,845,0,0
BRDA:22,845,1,0
BRDA:22,846,0,0
BRDA:22,846,1,0
BRDA:22,847,0,0
BRDA:22,847,1,0
BRDA:22,848,0,0
BRDA:22,848,1,0
BRDA:22,849,0,0
BRDA:22,849,1,0
BRDA:22,850,0,0
BRDA:22,850,1,0
BRDA:22,851,0,0
BRDA:22,851,1,0
BRDA:22,852,0,0
BRDA:22,852,1,0
BRDA:22,853,0,0
BRDA:22,853,1,0
BRDA:22,854,0,0
BRDA:22,854,1,0
BRDA:22,855,0,0
BRDA:22,855,1,0
BRDA:22,856,0,0
BRDA:22,856,1,0
BRDA:22,856,2,0
BRDA:22,856,3,0
BRDA:22,856,4,0
BRDA:22,857,0,0
BRDA:22,857,1,0
BRDA:22,858,0,0
BRDA:22,858,1,0
BRDA:22,859,0,0
BRDA:22,859,1,0
BRDA:22,860,0,0
BRDA:22,860,1,0
BRDA:22,861,0,0
BRDA:22,861,1,0
BRDA:22,862,0,0
BRDA:22,862,1,0
BRDA:22,862,2,0
BRDA:22,863,0,0
BRDA:22,863,1,0
BRDA:22,864,0,0
BRDA:22,864,1,0
BRDA:22,865,0,0
BRDA:22,865,1,0
BRDA:22,866,0,0
BRDA:22,866,1,0
BRDA:22,867,0,0
BRDA:22,867,1,0
BRDA:22,868,0,0
BRDA:22,868,1,0
BRDA:22,868,2,0
BRDA:22,868,3,0
BRDA:22,869,0,0
BRDA:22,869,1,0
BRDA:22,870,0,0
BRDA:22,870,1,0
BRDA:22,871,0,0
BRDA:22,871,1,0
BRDA:22,872,0,0
BRDA:22,872,1,0
BRDA:22,873,0,0
BRDA:22,873,1,0
BRDA:22,874,0,0
BRDA:22,874,1,0
BRDA:22,875,0,0
BRDA:22,875,1,0
BRDA:22,876,0,0
BRDA:22,876,1,0
BRDA:22,877,0,0
BRDA:22,877,1,0
BRDA:22,878,0,0
BRDA:22,878,1,0
BRDA:22,879,0,0
BRDA:22,879,1,0
BRDA:22,880,0,0
BRDA:22,880,1,0
BRDA:22,881,0,0
BRDA:22,881,1,0
BRDA:22,882,0,0
BRDA:22,882,1,0
BRDA:22,882,2,0
BRDA:22,883,0,0
BRDA:22,883,1,0
BRDA:22,884,0,0
BRDA:22,884,1,0
BRDA:22,885,0,0
BRDA:22,885,1,0
BRDA:22,886,0,0
BRDA:22,886,1,0
BRDA:22,887,0,0
BRDA:22,887,1,0
BRDA:22,888,0,0
BRDA:22,888,1,0
BRDA:22,888,2,0
BRDA:22,888,3,0
BRDA:22,889,0,0
BRDA:22,889,1,0
BRDA:22,890,0,0
BRDA:22,890,1,0
BRDA:22,891,0,0
BRDA:22,891,1,0
BRDA:22,892,0,0
BRDA:22,892,1,0
BRDA:22,893,0,0
BRDA:22,893,1,0
BRDA:22,894,0,0
BRDA:22,894,1,0
BRDA:22,895,0,0
BRDA:22,895,1,0
BRDA:22,896,0,0
BRDA:22,896,1,0
BRDA:22,897,0,0
BRDA:22,897,1,0
BRDA:22,898,0,0
BRDA:22,898,1,0
BRDA:22,899,0,0
BRDA:22,899,1,0
BRDA:22,900,0,0
BRDA:22,900,1,0
BRDA:22,901,0,0
BRDA:22,901,1,0
BRDA:22,902,0,0
BRDA:22,902,1,0
BRDA:22,903,0,0
BRDA:22,903,1,0
BRDA:22,904,0,0
BRDA:22,904,1,0
BRDA:22,905,0,0
BRDA:22,905,1,0
BRDA:22,906,0,0
BRDA:22,906,1,0
BRDA:22,907,0,0
BRDA:22,907,1,0
BRDA:22,908,0,0
BRDA:22,908,1,0
BRDA:22,909,0,0
BRDA:22,909,1,0
BRDA:22,910,0,0
BRDA:22,910,1,0
BRDA:22,911,0,0
BRDA:22,911,1,0
BRDA:22,912,0,0
BRDA:22,912,1,0
BRDA:22,913,0,0
BRDA:22,913,1,0
BRDA:22,914,0,0
BRDA:22,914,1,0
BRDA:22,915,0,0
BRDA:22,915,1,0
BRDA:22,916,0,0
BRDA:22,916,1,0
BRDA:22,917,0,0
BRDA:22,917,1,0
BRDA:22,918,0,0
BRDA:22,918,1,0
BRDA:22,919,0,0
BRDA:22,919,1,0
BRDA:22,920,0,0
BRDA:22,920,1,0
BRDA:22,921,0,0
BRDA:22,921,1,0
BRDA:22,922,0,0
BRDA:22,922,1,0
BRDA:22,923,0,0
BRDA:22,923,1,0
BRDA:22,924,0,0
BRDA:22,924,1,0
BRDA:22,925,0,0
BRDA:22,925,1,0
BRDA:22,926,0,0
BRDA:22,926,1,0
BRDA:22,927,0,0
BRDA:22,927,1,0
BRDA:22,928,0,0
BRDA:22,928,1,0
BRDA:22,929,0,0
BRDA:22,929,1,0
BRDA:22,930,0,0
BRDA:22,930,1,0
BRDA:22,930,2,0
BRDA:22,930,3,0
BRDA:22,931,0,0
BRDA:22,931,1,0
BRDA:22,932,0,0
BRDA:22,932,1,0
BRDA:22,933,0,0
BRDA:22,933,1,0
BRDA:22,934,0,0
BRDA:22,934,1,0
BRDA:22,935,0,0
BRDA:22,935,1,0
BRDA:22,936,0,0
BRDA:22,936,1,0
BRDA:22,937,0,0
BRDA:22,937,1,0
BRDA:22,937,2,0
BRDA:22,938,0,0
BRDA:22,938,1,0
BRDA:22,939,0,0
BRDA:22,939,1,0
BRDA:22,940,0,0
BRDA:22,940,1,0
BRDA:22,941,0,0
BRDA:22,941,1,0
BRDA:22,942,0,0
BRDA:22,942,1,0
BRDA:22,943,0,0
BRDA:22,943,1,0
BRDA:22,944,0,0
BRDA:22,944,1,0
BRDA:22,945,0,0
BRDA:22,945,1,0
BRDA:22,946,0,0
BRDA:22,946,1,0
BRDA:22,947,0,0
BRDA:22,947,1,0
BRDA:22,947,2,0
BRDA:22,947,3,0
BRDA:22,948,0,0
BRDA:22,948,1,0
BRDA:22,949,0,0
BRDA:22,949,1,0
BRDA:22,950,0,0
BRDA:22,950,1,0
BRDA:22,951,0,0
BRDA:22,951,1,0
BRDA:22,952,0,0
BRDA:22,952,1,0
BRDA:22,953,0,0
BRDA:22,953,1,0
BRDA:22,954,0,0
BRDA:22,954,1,0
BRDA:22,954,2,0
BRDA:22,955,0,0
BRDA:22,955,1,0
BRDA:22,956,0,0
BRDA:22,956,1,0
BRDA:22,957,0,0
BRDA:22,957,1,0
BRDA:22,958,0,0
BRDA:22,958,1,0
BRDA:22,958,2,0
BRDA:22,958,3,0
BRDA:22,959,0,0
BRDA:22,959,1,0
BRDA:22,960,0,0
BRDA:22,960,1,0
BRDA:22,961,0,0
BRDA:22,961,1,0
BRDA:22,962,0,0
BRDA:22,962,1,0
BRDA:22,963,0,0
BRDA:22,963,1,0
BRDA:22,964,0,0
BRDA:22,964,1,0
BRDA:22,965,0,0
BRDA:22,965,1,0
BRDA:22,966,0,0
BRDA:22,966,1,0
BRDA:22,967,0,0
BRDA:22,967,1,0
BRDA:22,968,0,0
BRDA:22,968,1,0
BRDA:22,969,0,0
BRDA:22,969,1,0
BRDA:22,970,0,0
BRDA:22,970,1,0
BRDA:22,970,2,0
BRDA:22,971,0,0
BRDA:22,971,1,0
BRDA:22,972,0,0
BRDA:22,972,1,0
BRDA:22,973,0,0
BRDA:22,973,1,0
BRDA:22,974,0,0
BRDA:22,974,1,0
BRDA:22,975,0,0
BRDA:22,975,1,0
BRDA:22,976,0,0
BRDA:22,976,1,0
BRDA:22,977,0,0
BRDA:22,977,1,0
BRDA:22,978,0,0
BRDA:22,978,1,0
BRDA:22,979,0,0
BRDA:22,979,1,0
BRDA:22,980,0,0
BRDA:22,980,1,0
BRDA:22,981,0,0
BRDA:22,981,1,0
BRDA:22,982,0,0
BRDA:22,982,1,0
BRDA:22,982,2,0
BRDA:22,983,0,0
BRDA:22,983,1,0
BRDA:22,984,0,0
BRDA:22,984,1,0
BRDA:22,984,2,0
BRDA:22,985,0,0
BRDA:22,985,1,0
BRDA:22,986,0,0
BRDA:22,986,1,0
BRDA:22,987,0,0
BRDA:22,987,1,0
BRDA:22,988,0,0
BRDA:22,988,1,0
BRDA:22,989,0,0
BRDA:22,989,1,0
BRDA:22,990,0,0
BRDA:22,990,1,0
BRDA:22,991,0,0
BRDA:22,991,1,0
BRDA:22,992,0,0
BRDA:22,992,1,0
BRDA:22,992,2,0
BRDA:22,992,3,0
BRDA:22,993,0,0
BRDA:22,993,1,0
BRDA:22,994,0,0
BRDA:22,994,1,0
BRDA:22,995,0,0
BRDA:22,995,1,0
BRDA:22,996,0,0
BRDA:22,996,1,0
BRDA:22,997,0,0
BRDA:22,997,1,0
BRDA:22,998,0,0
BRDA:22,998,1,0
BRDA:22,999,0,0
BRDA:22,999,1,0
BRDA:22,1000,0,0
BRDA:22,1000,1,0
BRDA:22,1001,0,0
BRDA:22,1001,1,0
BRDA:22,1002,0,0
BRDA:22,1002,1,0
BRDA:22,1003,0,0
BRDA:22,1003,1,0
BRDA:22,1004,0,0
BRDA:22,1004,1,0
BRDA:22,1005,0,0
BRDA:22,1005,1,0
BRDA:22,1006,0,0
BRDA:22,1006,1,0
BRDA:22,1007,0,0
BRDA:22,1007,1,0
BRDA:22,1008,0,0
BRDA:22,1008,1,0
BRDA:22,1009,0,0
BRDA:22,1009,1,0
BRDA:22,1010,0,0
BRDA:22,1010,1,0
BRDA:22,1011,0,0
BRDA:22,1011,1,0
BRDA:22,1012,0,0
BRDA:22,1012,1,0
BRDA:22,1013,0,0
BRDA:22,1013,1,0
BRDA:22,1014,0,0
BRDA:22,1014,1,0
BRDA:22,1015,0,0
BRDA:22,1015,1,0
BRDA:22,1016,0,0
BRDA:22,1016,1,0
BRDA:22,1017,0,0
BRDA:22,1017,1,0
BRDA:22,1018,0,0
BRDA:22,1018,1,0
BRDA:22,1019,0,0
BRDA:22,1019,1,0
BRDA:22,1020,0,0
BRDA:22,1020,1,0
BRDA:22,1021,0,0
BRDA:22,1021,1,0
BRDA:22,1022,0,0
BRDA:22,1022,1,0
BRDA:22,1023,0,0
BRDA:22,1023,1,0
BRDA:22,1024,0,0
BRDA:22,1024,1,0
BRDA:22,1025,0,0
BRDA:22,1025,1,0
BRDA:22,1026,0,0
BRDA:22,1026,1,0
BRDA:22,1027,0,0
BRDA:22,1027,1,0
BRDA:22,1028,0,0
BRDA:22,1028,1,0
BRDA:22,1029,0,0
BRDA:22,1029,1,0
BRDA:22,1030,0,0
BRDA:22,1030,1,0
BRDA:22,1031,0,0
BRDA:22,1031,1,0
BRDA:22,1032,0,0
BRDA:22,1032,1,0
BRDA:22,1033,0,0
BRDA:22,1033,1,0
BRDA:22,1034,0,0
BRDA:22,1034,1,0
BRDA:22,1035,0,0
BRDA:22,1035,1,0
BRDA:22,1036,0,0
BRDA:22,1036,1,0
BRDA:22,1037,0,0
BRDA:22,1037,1,0
BRDA:22,1038,0,0
BRDA:22,1038,1,0
BRDA:22,1039,0,0
BRDA:22,1039,1,0
BRDA:22,1040,0,0
BRDA:22,1040,1,0
BRDA:22,1041,0,0
BRDA:22,1041,1,0
BRDA:22,1042,0,0
BRDA:22,1042,1,0
BRDA:22,1043,0,0
BRDA:22,1043,1,0
BRDA:22,1044,0,0
BRDA:22,1044,1,0
BRDA:22,1045,0,0
BRDA:22,1045,1,0
BRDA:22,1046,0,0
BRDA:22,1046,1,0
BRDA:22,1047,0,0
BRDA:22,1047,1,0
BRDA:22,1047,2,0
BRDA:22,1048,0,0
BRDA:22,1048,1,0
BRDA:22,1049,0,0
BRDA:22,1049,1,0
BRDA:22,1050,0,0
BRDA:22,1050,1,0
BRDA:22,1050,2,0
BRDA:22,1051,0,0
BRDA:22,1051,1,0
BRDA:22,1052,0,0
BRDA:22,1052,1,0
BRDA:22,1053,0,0
BRDA:22,1053,1,0
BRDA:22,1054,0,0
BRDA:22,1054,1,0
BRDA:22,1055,0,0
BRDA:22,1055,1,0
BRDA:22,1056,0,0
BRDA:22,1056,1,0
BRDA:22,1056,2,0
BRDA:22,1057,0,0
BRDA:22,1057,1,0
BRDA:22,1058,0,0
BRDA:22,1058,1,0
BRDA:22,1058,2,0
BRDA:22,1058,3,0
BRDA:22,1059,0,0
BRDA:22,1059,1,0
BRDA:22,1060,0,0
BRDA:22,1060,1,0
BRDA:22,1061,0,0
BRDA:22,1061,1,0
BRDA:22,1062,0,0
BRDA:22,1062,1,0
BRDA:22,1063,0,0
BRDA:22,1063,1,0
BRDA:22,1064,0,0
BRDA:22,1064,1,0
BRDA:22,1065,0,0
BRDA:22,1065,1,0
BRDA:22,1066,0,0
BRDA:22,1066,1,0
BRDA:22,1067,0,0
BRDA:22,1067,1,0
BRDA:22,1067,2,0
BRDA:22,1067,3,0
BRDA:22,1068,0,0
BRDA:22,1068,1,0
BRDA:22,1069,0,0
BRDA:22,1069,1,0
BRDA:22,1070,0,0
BRDA:22,1070,1,0
BRDA:22,1071,0,0
BRDA:22,1071,1,0
BRDA:22,1072,0,0
BRDA:22,1072,1,0
BRDA:22,1073,0,0
BRDA:22,1073,1,0
BRDA:22,1074,0,0
BRDA:22,1074,1,0
BRDA:22,1075,0,0
BRDA:22,1075,1,0
BRDA:22,1076,0,0
BRDA:22,1076,1,0
BRDA:22,1077,0,0
BRDA:22,1077,1,0
BRDA:22,1078,0,0
BRDA:22,1078,1,0
BRDA:22,1079,0,0
BRDA:22,1079,1,0
BRDA:22,1079,2,0
BRDA:22,1079,3,0
BRDA:22,1080,0,0
BRDA:22,1080,1,0
BRDA:22,1081,0,0
BRDA:22,1081,1,0
BRDA:22,1082,0,0
BRDA:22,1082,1,0
BRDA:22,1083,0,0
BRDA:22,1083,1,0
BRDA:22,1083,2,0
BRDA:22,1083,3,0
BRDA:22,1084,0,0
BRDA:22,1084,1,0
BRDA:22,1085,0,0
BRDA:22,1085,1,0
BRDA:22,1086,0,0
BRDA:22,1086,1,0
BRDA:22,1087,0,0
BRDA:22,1087,1,0
BRDA:22,1088,0,0
BRDA:22,1088,1,0
BRDA:22,1089,0,0
BRDA:22,1089,1,0
BRDA:22,1090,0,0
BRDA:22,1090,1,0
BRDA:22,1090,2,0
BRDA:22,1090,3,0
BRDA:22,1091,0,0
BRDA:22,1091,1,0
BRDA:22,1092,0,0
BRDA:22,1092,1,0
BRDA:22,1093,0,0
BRDA:22,1093,1,0
BRDA:22,1094,0,0
BRDA:22,1094,1,0
BRDA:22,1095,0,0
BRDA:22,1095,1,0
BRDA:22,1096,0,0
BRDA:22,1096,1,0
BRDA:22,1097,0,0
BRDA:22,1097,1,0
BRDA:22,1098,0,0
BRDA:22,1098,1,0
BRDA:22,1098,2,0
BRDA:22,1098,3,0
BRDA:22,1098,4,0
BRDA:22,1099,0,0
BRDA:22,1099,1,0
BRDA:22,1100,0,0
BRDA:22,1100,1,0
BRDA:22,1101,0,0
BRDA:22,1101,1,0
BRDA:22,1102,0,0
BRDA:22,1102,1,0
BRDA:22,1103,0,0
BRDA:22,1103,1,0
BRDA:22,1104,0,0
BRDA:22,1104,1,0
BRDA:22,1104,2,0
BRDA:22,1104,3,0
BRDA:22,1105,0,0
BRDA:22,1105,1,0
BRDA:22,1105,2,0
BRDA:22,1105,3,0
BRDA:22,1105,4,0
BRDA:22,1106,0,0
BRDA:22,1106,1,0
BRDA:22,1107,0,0
BRDA:22,1107,1,0
BRDA:22,1108,0,0
BRDA:22,1108,1,0
BRDA:22,1109,0,0
BRDA:22,1109,1,0
BRDA:22,1110,0,0
BRDA:22,1110,1,0
BRDA:22,1111,0,0
BRDA:22,1111,1,0
BRDA:22,1112,0,0
BRDA:22,1112,1,0
BRDA:22,1113,0,0
BRDA:22,1113,1,0
BRDA:22,1114,0,0
BRDA:22,1114,1,0
BRDA:22,1115,0,0
BRDA:22,1115,1,0
BRDA:22,1116,0,0
BRDA:22,1116,1,0
BRDA:22,1117,0,0
BRDA:22,1117,1,0
BRDA:22,1118,0,0
BRDA:22,1118,1,0
BRDA:22,1118,2,0
BRDA:22,1118,3,0
BRDA:22,1118,4,0
BRDA:22,1118,5,0
BRDA:22,1119,0,0
BRDA:22,1119,1,0
BRDA:22,1120,0,0
BRDA:22,1120,1,0
BRDA:22,1120,2,0
BRDA:22,1120,3,0
BRDA:22,1121,0,0
BRDA:22,1121,1,0
BRDA:22,1122,0,0
BRDA:22,1122,1,0
BRDA:22,1123,0,0
BRDA:22,1123,1,0
BRDA:22,1124,0,0
BRDA:22,1124,1,0
BRDA:22,1124,2,0
BRDA:22,1124,3,0
BRDA:22,1125,0,0
BRDA:22,1125,1,0
BRDA:22,1126,0,0
BRDA:22,1126,1,0
BRDA:22,1127,0,0
BRDA:22,1127,1,0
BRDA:22,1128,0,0
BRDA:22,1128,1,0
BRDA:22,1129,0,0
BRDA:22,1129,1,0
BRDA:22,1130,0,0
BRDA:22,1130,1,0
BRDA:22,1131,0,0
BRDA:22,1131,1,0
BRDA:22,1132,0,0
BRDA:22,1132,1,0
BRDA:22,1133,0,0
BRDA:22,1133,1,0
BRDA:22,1134,0,0
BRDA:22,1134,1,0
BRDA:22,1134,2,0
BRDA:22,1134,3,0
BRDA:22,1134,4,0
BRDA:22,1134,5,0
BRDA:22,1135,0,0
BRDA:22,1135,1,0
BRDA:22,1136,0,0
BRDA:22,1136,1,0
BRDA:22,1137,0,0
BRDA:22,1137,1,0
BRDA:22,1137,2,0
BRDA:22,1137,3,0
BRDA:22,1138,0,0
BRDA:22,1138,1,0
BRDA:22,1139,0,0
BRDA:22,1139,1,0
BRDA:22,1140,0,0
BRDA:22,1140,1,0
BRDA:22,1141,0,0
BRDA:22,1141,1,0
BRDA:22,1141,2,0
BRDA:22,1141,3,0
BRDA:22,1142,0,0
BRDA:22,1142,1,0
BRDA:22,1143,0,0
BRDA:22,1143,1,0
BRDA:22,1144,0,0
BRDA:22,1144,1,0
BRDA:22,1145,0,0
BRDA:22,1145,1,0
BRDA:22,1146,0,0
BRDA:22,1146,1,0
BRDA:22,1146,2,0
BRDA:22,1146,3,0
BRDA:22,1147,0,0
BRDA:22,1147,1,0
BRDA:22,1147,2,0
BRDA:22,1147,3,0
BRDA:22,1148,0,0
BRDA:22,1148,1,0
BRDA:22,1148,2,0
BRDA:22,1148,3,0
BRDA:22,1149,0,0
BRDA:22,1149,1,0
BRDA:22,1149,2,0
BRDA:22,1149,3,0
BRDA:22,1150,0,0
BRDA:22,1150,1,0
BRDA:22,1151,0,0
BRDA:22,1151,1,0
BRDA:22,1152,0,0
BRDA:22,1152,1,0
BRDA:22,1153,0,0
BRDA:22,1153,1,0
BRDA:22,1154,0,0
BRDA:22,1154,1,0
BRDA:22,1155,0,0
BRDA:22,1155,1,0
BRDA:22,1156,0,0
BRDA:22,1156,1,0
BRDA:22,1157,0,0
BRDA:22,1157,1,0
BRDA:22,1158,0,0
BRDA:22,1158,1,0
BRDA:22,1159,0,0
BRDA:22,1159,1,0
BRDA:22,1160,0,0
BRDA:22,1160,1,0
BRDA:22,1161,0,0
BRDA:22,1161,1,0
BRDA:22,1162,0,0
BRDA:22,1162,1,0
BRDA:22,1162,2,0
BRDA:22,1163,0,0
BRDA:22,1163,1,0
BRDA:22,1164,0,0
BRDA:22,1164,1,0
BRDA:22,1164,2,0
BRDA:22,1164,3,0
BRDA:22,1164,4,0
BRDA:22,1165,0,0
BRDA:22,1165,1,0
BRDA:22,1166,0,0
BRDA:22,1166,1,0
BRDA:22,1167,0,0
BRDA:22,1167,1,0
BRDA:22,1168,0,0
BRDA:22,1168,1,0
BRDA:22,1169,0,0
BRDA:22,1169,1,0
BRDA:22,1170,0,0
BRDA:22,1170,1,0
BRDA:22,1171,0,0
BRDA:22,1171,1,0
BRDA:22,1172,0,0
BRDA:22,1172,1,0
BRDA:22,1173,0,0
BRDA:22,1173,1,0
BRDA:22,1174,0,0
BRDA:22,1174,1,0
BRDA:22,1175,0,0
BRDA:22,1175,1,0
BRDA:22,1176,0,0
BRDA:22,1176,1,0
BRDA:22,1177,0,0
BRDA:22,1177,1,0
BRDA:22,1178,0,0
BRDA:22,1178,1,0
BRDA:22,1179,0,0
BRDA:22,1179,1,0
BRDA:22,1179,2,0
BRDA:22,1180,0,0
BRDA:22,1180,1,0
BRDA:22,1181,0,0
BRDA:22,1181,1,0
BRDA:22,1182,0,0
BRDA:22,1182,1,0
BRDA:22,1183,0,0
BRDA:22,1183,1,0
BRDA:22,1184,0,0
BRDA:22,1184,1,0
BRDA:22,1185,0,0
BRDA:22,1185,1,0
BRDA:22,1186,0,0
BRDA:22,1186,1,0
BRDA:22,1187,0,0
BRDA:22,1187,1,0
BRDA:22,1188,0,0
BRDA:22,1188,1,0
BRDA:22,1189,0,0
BRDA:22,1189,1,0
BRDA:22,1190,0,0
BRDA:22,1190,1,0
BRDA:22,1191,0,0
BRDA:22,1191,1,0
BRDA:22,1192,0,0
BRDA:22,1192,1,0
BRDA:22,1192,2,0
BRDA:22,1192,3,0
BRDA:22,1193,0,0
BRDA:22,1193,1,0
BRDA:22,1193,2,0
BRDA:22,1194,0,0
BRDA:22,1194,1,0
BRDA:22,1195,0,0
BRDA:22,1195,1,0
BRDA:22,1196,0,0
BRDA:22,1196,1,0
BRDA:22,1197,0,0
BRDA:22,1197,1,0
BRDA:22,1198,0,0
BRDA:22,1198,1,0
BRDA:22,1199,0,0
BRDA:22,1199,1,0
BRDA:22,1200,0,0
BRDA:22,1200,1,0
BRDA:22,1201,0,0
BRDA:22,1201,1,0
BRDA:22,1202,0,0
BRDA:22,1202,1,0
BRDA:22,1203,0,0
BRDA:22,1203,1,0
BRDA:22,1204,0,0
BRDA:22,1204,1,0
BRDA:22,1205,0,0
BRDA:22,1205,1,0
BRDA:22,1206,0,0
BRDA:22,1206,1,0
BRDA:22,1207,0,0
BRDA:22,1207,1,0
BRDA:22,1208,0,0
BRDA:22,1208,1,0
BRDA:22,1209,0,0
BRDA:22,1209,1,0
BRDA:22,1210,0,0
BRDA:22,1210,1,0
BRDA:22,1210,2,0
BRDA:22,1210,3,0
BRDA:22,1210,4,0
BRDA:22,1210,5,0
BRDA:22,1210,6,0
BRDA:22,1210,7,0
BRDA:22,1210,8,0
BRDA:22,1210,9,0
BRDA:22,1210,10,0
BRDA:22,1210,11,0
BRDA:22,1210,12,0
BRDA:22,1210,13,0
BRDA:22,1210,14,0
BRDA:22,1210,15,0
BRDA:22,1210,16,0
BRDA:22,1210,17,0
BRDA:22,1210,18,0
BRDA:22,1211,0,0
BRDA:22,1211,1,0
BRDA:22,1212,0,0
BRDA:22,1212,1,0
BRDA:22,1213,0,0
BRDA:22,1213,1,0
BRDA:22,1213,2,0
BRDA:22,1213,3,0
BRDA:22,1214,0,0
BRDA:22,1214,1,0
BRDA:22,1215,0,0
BRDA:22,1215,1,0
BRDA:22,1216,0,0
BRDA:22,1216,1,0
BRDA:22,1217,0,0
BRDA:22,1217,1,0
BRDA:22,1218,0,0
BRDA:22,1218,1,0
BRDA:22,1219,0,0
BRDA:22,1219,1,0
BRDA:22,1220,0,0
BRDA:22,1220,1,0
BRDA:22,1220,2,0
BRDA:22,1220,3,0
BRDA:22,1220,4,0
BRDA:22,1220,5,0
BRDA:22,1220,6,0
BRDA:22,1220,7,0
BRDA:22,1220,8,0
BRDA:22,1220,9,0
BRDA:22,1220,10,0
BRDA:22,1220,11,0
BRDA:22,1220,12,0
BRDA:22,1220,13,0
BRDA:22,1221,0,0
BRDA:22,1221,1,0
BRDA:22,1222,0,0
BRDA:22,1222,1,0
BRDA:22,1223,0,0
BRDA:22,1223,1,0
BRDA:22,1224,0,0
BRDA:22,1224,1,0
BRDA:22,1225,0,0
BRDA:22,1225,1,0
BRDA:22,1225,2,0
BRDA:22,1226,0,0
BRDA:22,1226,1,0
BRDA:22,1226,2,0
BRDA:22,1227,0,0
BRDA:22,1227,1,0
BRDA:22,1227,2,0
BRDA:22,1227,3,0
BRDA:22,1227,4,0
BRDA:22,1228,0,0
BRDA:22,1228,1,0
BRDA:22,1229,0,0
BRDA:22,1229,1,0
BRDA:22,1230,0,0
BRDA:22,1230,1,0
BRDA:22,1230,2,0
BRDA:22,1230,3,0
BRDA:22,1230,4,0
BRDA:22,1230,5,0
BRDA:22,1230,6,0
BRDA:22,1230,7,0
BRDA:22,1230,8,0
BRDA:22,1230,9,0
BRDA:22,1230,10,0
BRDA:22,1230,11,0
BRDA:22,1230,12,0
BRDA:22,1230,13,0
BRDA:22,1230,14,0
BRDA:22,1230,15,0
BRDA:22,1231,0,0
BRDA:22,1231,1,0
BRDA:22,1232,0,0
BRDA:22,1232,1,0
BRDA:22,1233,0,0
BRDA:22,1233,1,0
BRDA:22,1234,0,0
BRDA:22,1234,1,0
BRDA:22,1235,0,0
BRDA:22,1235,1,0
BRDA:22,1236,0,0
BRDA:22,1236,1,0
BRDA:22,1237,0,0
BRDA:22,1237,1,0
BRDA:22,1238,0,0
BRDA:22,1238,1,0
BRDA:22,1239,0,0
BRDA:22,1239,1,0
BRDA:22,1240,0,0
BRDA:22,1240,1,0
BRDA:22,1241,0,0
BRDA:22,1241,1,0
BRDA:22,1242,0,0
BRDA:22,1242,1,0
BRDA:22,1243,0,0
BRDA:22,1243,1,0
BRDA:22,1244,0,0
BRDA:22,1244,1,0
BRDA:22,1245,0,0
BRDA:22,1245,1,0
BRDA:22,1246,0,0
BRDA:22,1246,1,0
BRDA:22,1246,2,0
BRDA:22,1247,0,0
BRDA:22,1247,1,0
BRDA:22,1248,0,0
BRDA:22,1248,1,0
BRDA:22,1248,2,0
BRDA:22,1248,3,0
BRDA:22,1249,0,0
BRDA:22,1249,1,0
BRDA:22,1250,0,0
BRDA:22,1250,1,0
BRDA:22,1251,0,0
BRDA:22,1251,1,0
BRDA:22,1252,0,0
BRDA:22,1252,1,0
BRDA:22,1252,2,0
BRDA:22,1252,3,0
BRDA:22,1252,4,0
BRDA:22,1253,0,0
BRDA:22,1253,1,0
BRDA:22,1254,0,0
BRDA:22,1254,1,0
BRDA:22,1255,0,0
BRDA:22,1255,1,0
BRDA:22,1256,0,0
BRDA:22,1256,1,0
BRDA:22,1257,0,0
BRDA:22,1257,1,0
BRDA:22,1258,0,0
BRDA:22,1258,1,0
BRDA:22,1259,0,0
BRDA:22,1259,1,0
BRDA:22,1260,0,0
BRDA:22,1260,1,0
BRDA:22,1261,0,0
BRDA:22,1261,1,0
BRDA:22,1262,0,0
BRDA:22,1262,1,0
BRDA:22,1263,0,0
BRDA:22,1263,1,0
BRDA:22,1264,0,0
BRDA:22,1264,1,0
BRDA:22,1265,0,0
BRDA:22,1265,1,0
BRDA:22,1266,0,0
BRDA:22,1266,1,0
BRDA:22,1267,0,0
BRDA:22,1267,1,0
BRDA:22,1268,0,0
BRDA:22,1268,1,0
BRDA:22,1269,0,0
BRDA:22,1269,1,0
BRDA:22,1269,2,0
BRDA:22,1269,3,0
BRDA:22,1270,0,0
BRDA:22,1270,1,0
BRDA:22,1271,0,0
BRDA:22,1271,1,0
BRDA:22,1271,2,0
BRDA:22,1271,3,0
BRDA:22,1272,0,0
BRDA:22,1272,1,0
BRDA:22,1273,0,0
BRDA:22,1273,1,0
BRDA:22,1273,2,0
BRDA:22,1274,0,0
BRDA:22,1274,1,0
BRDA:22,1275,0,0
BRDA:22,1275,1,0
BRDA:22,1275,2,0
BRDA:22,1276,0,0
BRDA:22,1276,1,0
BRDA:22,1276,2,0
BRDA:22,1277,0,0
BRDA:22,1277,1,0
BRDA:22,1277,2,0
BRDA:22,1278,0,0
BRDA:22,1278,1,0
BRDA:22,1279,0,0
BRDA:22,1279,1,0
BRDA:22,1280,0,0
BRDA:22,1280,1,0
BRDA:22,1281,0,0
BRDA:22,1281,1,0
BRDA:22,1282,0,0
BRDA:22,1282,1,0
BRDA:22,1283,0,0
BRDA:22,1283,1,0
BRDA:22,1283,2,0
BRDA:22,1284,0,0
BRDA:22,1284,1,0
BRDA:22,1285,0,0
BRDA:22,1285,1,0
BRDA:22,1286,0,0
BRDA:22,1286,1,0
BRDA:22,1287,0,0
BRDA:22,1287,1,0
BRDA:22,1288,0,0
BRDA:22,1288,1,0
BRDA:22,1289,0,0
BRDA:22,1289,1,0
BRDA:22,1290,0,0
BRDA:22,1290,1,0
BRDA:22,1291,0,0
BRDA:22,1291,1,0
BRDA:22,1292,0,0
BRDA:22,1292,1,0
BRDA:22,1293,0,0
BRDA:22,1293,1,0
BRDA:22,1293,2,0
BRDA:22,1294,0,0
BRDA:22,1294,1,0
BRDA:22,1295,0,0
BRDA:22,1295,1,0
BRDA:22,1295,2,0
BRDA:22,1296,0,0
BRDA:22,1296,1,0
BRDA:22,1297,0,0
BRDA:22,1297,1,0
BRDA:22,1298,0,0
BRDA:22,1298,1,0
BRDA:22,1299,0,0
BRDA:22,1299,1,0
BRDA:22,1300,0,0
BRDA:22,1300,1,0
BRDA:22,1301,0,0
BRDA:22,1301,1,0
BRDA:22,1301,2,0
BRDA:22,1301,3,0
BRDA:22,1301,4,0
BRDA:22,1301,5,0
BRDA:22,1301,6,0
BRDA:22,1301,7,0
BRDA:22,1302,0,0
BRDA:22,1302,1,0
BRDA:22,1303,0,0
BRDA:22,1303,1,0
BRDA:22,1304,0,0
BRDA:22,1304,1,0
BRDA:22,1305,0,0
BRDA:22,1305,1,0
BRDA:22,1306,0,0
BRDA:22,1306,1,0
BRDA:22,1307,0,0
BRDA:22,1307,1,0
BRDA:22,1308,0,0
BRDA:22,1308,1,0
BRDA:22,1309,0,0
BRDA:22,1309,1,0
BRDA:22,1310,0,0
BRDA:22,1310,1,0
BRDA:22,1311,0,0
BRDA:22,1311,1,0
BRDA:22,1312,0,0
BRDA:22,1312,1,0
BRDA:22,1313,0,0
BRDA:22,1313,1,0
BRDA:22,1314,0,0
BRDA:22,1314,1,0
BRDA:22,1314,2,0
BRDA:22,1314,3,0
BRDA:22,1314,4,0
BRDA:22,1315,0,0
BRDA:22,1315,1,0
BRDA:22,1315,2,0
BRDA:22,1316,0,0
BRDA:22,1316,1,0
BRDA:22,1317,0,0
BRDA:22,1317,1,0
BRDA:22,1317,2,0
BRDA:22,1318,0,0
BRDA:22,1318,1,0
BRDA:22,1319,0,0
BRDA:22,1319,1,0
BRDA:22,1320,0,0
BRDA:22,1320,1,0
BRDA:22,1321,0,0
BRDA:22,1321,1,0
BRDA:22,1321,2,0
BRDA:22,1321,3,0
BRDA:22,1321,4,0
BRDA:22,1321,5,0
BRDA:22,1322,0,0
BRDA:22,1322,1,0
BRDA:22,1323,0,0
BRDA:22,1323,1,0
BRDA:22,1324,0,0
BRDA:22,1324,1,0
BRDA:22,1325,0,0
BRDA:22,1325,1,0
BRDA:22,1326,0,0
BRDA:22,1326,1,0
BRDA:22,1327,0,0
BRDA:22,1327,1,0
BRDA:22,1327,2,0
BRDA:22,1327,3,0
BRDA:22,1328,0,0
BRDA:22,1328,1,0
BRDA:22,1329,0,0
BRDA:22,1329,1,0
BRDA:22,1330,0,0
BRDA:22,1330,1,0
BRDA:22,1330,2,0
BRDA:22,1330,3,0
BRDA:22,1331,0,0
BRDA:22,1331,1,0
BRDA:22,1332,0,0
BRDA:22,1332,1,0
BRDA:22,1332,2,0
BRDA:22,1333,0,0
BRDA:22,1333,1,0
BRDA:22,1334,0,0
BRDA:22,1334,1,0
BRDA:22,1335,0,0
BRDA:22,1335,1,0
BRDA:22,1336,0,0
BRDA:22,1336,1,0
BRDA:22,1337,0,0
BRDA:22,1337,1,0
BRDA:22,1338,0,0
BRDA:22,1338,1,0
BRDA:22,1339,0,0
BRDA:22,1339,1,0
BRDA:22,1339,2,0
BRDA:22,1340,0,0
BRDA:22,1340,1,0
BRDA:22,1341,0,0
BRDA:22,1341,1,0
BRDA:22,1342,0,0
BRDA:22,1342,1,0
BRDA:22,1342,2,0
BRDA:22,1342,3,0
BRDA:22,1343,0,0
BRDA:22,1343,1,0
BRDA:22,1344,0,0
BRDA:22,1344,1,0
BRDA:22,1344,2,0
BRDA:22,1345,0,0
BRDA:22,1345,1,0
BRDA:22,1346,0,0
BRDA:22,1346,1,0
BRDA:22,1347,0,0
BRDA:22,1347,1,0
BRDA:22,1347,2,0
BRDA:22,1348,0,0
BRDA:22,1348,1,0
BRDA:22,1349,0,0
BRDA:22,1349,1,0
BRDA:22,1350,0,0
BRDA:22,1350,1,0
BRDA:22,1351,0,0
BRDA:22,1351,1,0
BRDA:22,1352,0,0
BRDA:22,1352,1,0
BRDA:22,1353,0,0
BRDA:22,1353,1,0
BRDA:22,1354,0,0
BRDA:22,1354,1,0
BRDA:22,1354,2,0
BRDA:22,1355,0,0
BRDA:22,1355,1,0
BRDA:22,1356,0,0
BRDA:22,1356,1,0
BRDA:22,1356,2,0
BRDA:22,1357,0,0
BRDA:22,1357,1,0
BRDA:22,1358,0,0
BRDA:22,1358,1,0
BRDA:22,1359,0,0
BRDA:22,1359,1,0
BRDA:22,1359,2,0
BRDA:22,1359,3,0
BRDA:22,1359,4,0
BRDA:22,1359,5,0
BRDA:22,1359,6,0
BRDA:22,1359,7,0
BRDA:22,1359,8,0
BRDA:22,1359,9,0
BRDA:22,1360,0,0
BRDA:22,1360,1,0
BRDA:22,1361,0,0
BRDA:22,1361,1,0
BRDA:22,1362,0,0
BRDA:22,1362,1,0
BRDA:22,1363,0,0
BRDA:22,1363,1,0
BRDA:22,1364,0,0
BRDA:22,1364,1,0
BRDA:22,1365,0,0
BRDA:22,1365,1,0
BRDA:22,1366,0,0
BRDA:22,1366,1,0
BRDA:22,1367,0,0
BRDA:22,1367,1,0
BRDA:22,1368,0,0
BRDA:22,1368,1,0
BRDA:22,1369,0,0
BRDA:22,1369,1,0
BRDA:22,1370,0,0
BRDA:22,1370,1,0
BRDA:22,1370,2,0
BRDA:22,1370,3,0
BRDA:22,1370,4,0
BRDA:22,1370,5,0
BRDA:22,1370,6,0
BRDA:22,1370,7,0
BRDA:22,1370,8,0
BRDA:22,1370,9,0
BRDA:22,1370,10,0
BRDA:22,1370,11,0
BRDA:22,1370,12,0
BRDA:22,1370,13,0
BRDA:22,1370,14,0
BRDA:22,1371,0,0
BRDA:22,1371,1,0
BRDA:22,1372,0,0
BRDA:22,1372,1,0
BRDA:22,1373,0,0
BRDA:22,1373,1,0
BRDA:22,1374,0,0
BRDA:22,1374,1,0
BRDA:22,1375,0,0
BRDA:22,1375,1,0
BRDA:22,1376,0,0
BRDA:22,1376,1,0
BRDA:22,1377,0,0
BRDA:22,1377,1,0
BRDA:22,1378,0,0
BRDA:22,1378,1,0
BRDA:22,1378,2,0
BRDA:22,1378,3,0
BRDA:22,1379,0,0
BRDA:22,1379,1,0
BRDA:22,1380,0,0
BRDA:22,1380,1,0
BRDA:22,1381,0,0
BRDA:22,1381,1,0
BRDA:22,1382,0,0
BRDA:22,1382,1,0
BRDA:22,1383,0,0
BRDA:22,1383,1,0
BRDA:22,1383,2,0
BRDA:22,1383,3,0
BRDA:22,1383,4,0
BRDA:22,1383,5,0
BRDA:22,1383,6,0
BRDA:22,1383,7,0
BRDA:22,1384,0,0
BRDA:22,1384,1,0
BRDA:22,1385,0,0
BRDA:22,1385,1,0
BRDA:22,1386,0,0
BRDA:22,1386,1,0
BRDA:22,1387,0,0
BRDA:22,1387,1,0
BRDA:22,1388,0,0
BRDA:22,1388,1,0
BRDA:22,1389,0,0
BRDA:22,1389,1,0
BRDA:22,1390,0,0
BRDA:22,1390,1,0
BRDA:22,1391,0,0
BRDA:22,1391,1,0
BRDA:22,1391,2,0
BRDA:22,1392,0,0
BRDA:22,1392,1,0
BRDA:22,1393,0,0
BRDA:22,1393,1,0
BRDA:22,1393,2,0
BRDA:22,1393,3,0
BRDA:22,1394,0,0
BRDA:22,1394,1,0
BRDA:22,1395,0,0
BRDA:22,1395,1,0
BRDA:22,1396,0,0
BRDA:22,1396,1,0
BRDA:22,1397,0,0
BRDA:22,1397,1,0
BRDA:22,1397,2,0
BRDA:22,1398,0,0
BRDA:22,1398,1,0
BRDA:22,1399,0,0
BRDA:22,1399,1,0
BRDA:22,1400,0,0
BRDA:22,1400,1,0
BRDA:22,1401,0,0
BRDA:22,1401,1,0
BRDA:22,1402,0,0
BRDA:22,1402,1,0
BRDA:22,1403,0,0
BRDA:22,1403,1,0
BRDA:22,1404,0,0
BRDA:22,1404,1,0
BRDA:22,1405,0,0
BRDA:22,1405,1,0
BRDA:22,1406,0,0
BRDA:22,1406,1,0
BRDA:22,1407,0,0
BRDA:22,1407,1,0
BRDA:22,1408,0,0
BRDA:22,1408,1,0
BRDA:22,1409,0,0
BRDA:22,1409,1,0
BRDA:22,1409,2,0
BRDA:22,1409,3,0
BRDA:22,1410,0,0
BRDA:22,1410,1,0
BRDA:22,1411,0,0
BRDA:22,1411,1,0
BRDA:22,1412,0,0
BRDA:22,1412,1,0
BRDA:22,1413,0,0
BRDA:22,1413,1,0
BRDA:22,1414,0,0
BRDA:22,1414,1,0
BRDA:22,1415,0,0
BRDA:22,1415,1,0
BRDA:22,1416,0,0
BRDA:22,1416,1,0
BRDA:22,1417,0,0
BRDA:22,1417,1,0
BRDA:22,1418,0,0
BRDA:22,1418,1,0
BRDA:22,1419,0,0
BRDA:22,1419,1,0
BRDA:22,1420,0,0
BRDA:22,1420,1,0
BRDA:22,1420,2,0
BRDA:22,1421,0,0
BRDA:22,1421,1,0
BRDA:22,1422,0,0
BRDA:22,1422,1,0
BRDA:22,1423,0,0
BRDA:22,1423,1,0
BRDA:22,1424,0,0
BRDA:22,1424,1,0
BRDA:22,1425,0,0
BRDA:22,1425,1,0
BRDA:22,1426,0,0
BRDA:22,1426,1,0
BRDA:22,1427,0,0
BRDA:22,1427,1,0
BRDA:22,1428,0,0
BRDA:22,1428,1,0
BRDA:22,1429,0,0
BRDA:22,1429,1,0
BRDA:22,1430,0,0
BRDA:22,1430,1,0
BRDA:22,1431,0,0
BRDA:22,1431,1,0
BRDA:22,1432,0,0
BRDA:22,1432,1,0
BRDA:22,1433,0,0
BRDA:22,1433,1,0
BRDA:22,1434,0,0
BRDA:22,1434,1,0
BRDA:22,1435,0,0
BRDA:22,1435,1,0
BRDA:22,1436,0,0
BRDA:22,1436,1,0
BRDA:22,1437,0,0
BRDA:22,1437,1,0
BRDA:22,1437,2,0
BRDA:22,1437,3,0
BRDA:22,1437,4,0
BRDA:22,1437,5,0
BRDA:22,1437,6,0
BRDA:22,1437,7,0
BRDA:22,1437,8,0
BRDA:22,1437,9,0
BRDA:22,1437,10,0
BRDA:22,1437,11,0
BRDA:22,1437,12,0
BRDA:22,1438,0,0
BRDA:22,1438,1,0
BRDA:22,1439,0,0
BRDA:22,1439,1,0
BRDA:22,1440,0,0
BRDA:22,1440,1,0
BRDA:22,1441,0,0
BRDA:22,1441,1,0
BRDA:22,1441,2,0
BRDA:22,1441,3,0
BRDA:22,1442,0,0
BRDA:22,1442,1,0
BRDA:22,1443,0,0
BRDA:22,1443,1,0
BRDA:22,1444,0,0
BRDA:22,1444,1,0
BRDA:22,1445,0,0
BRDA:22,1445,1,0
BRDA:22,1445,2,0
BRDA:22,1446,0,0
BRDA:22,1446,1,0
BRDA:22,1447,0,0
BRDA:22,1447,1,0
BRDA:22,1448,0,0
BRDA:22,1448,1,0
BRDA:22,1449,0,0
BRDA:22,1449,1,0
BRDA:22,1450,0,0
BRDA:22,1450,1,0
BRDA:22,1451,0,0
BRDA:22,1451,1,0
BRDA:22,1452,0,0
BRDA:22,1452,1,0
BRDA:22,1453,0,0
BRDA:22,1453,1,0
BRDA:22,1454,0,0
BRDA:22,1454,1,0
BRDA:22,1455,0,0
BRDA:22,1455,1,0
BRDA:22,1456,0,0
BRDA:22,1456,1,0
BRDA:22,1457,0,0
BRDA:22,1457,1,0
BRDA:22,1458,0,0
BRDA:22,1458,1,0
BRDA:22,1459,0,0
BRDA:22,1459,1,0
BRDA:22,1460,0,0
BRDA:22,1460,1,0
BRDA:22,1461,0,0
BRDA:22,1461,1,0
BRDA:22,1462,0,0
BRDA:22,1462,1,0
[...]
BRDA:22,1738,18,0
BRDA:22,1739,0,0
BRDA:22,1739,1,0
BRDA:22,1740,0,0
BRDA:22,1740,1,0
BRDA:22,1741,0,0
BRDA:22,1741,1,0
BRDA:22,1741,2,0
BRDA:22,1741,3,0
BRDA:22,1742,0,0
BRDA:22,1742,1,0
BRDA:22,1743,0,0
BRDA:22,1743,1,0
BRDA:22,1744,0,0
BRDA:22,1744,1,0
BRDA:22,1745,0,0
BRDA:22,1745,1,0
BRDA:22,1746,0,0
BRDA:22,1746,1,0
BRDA:22,1747,0,0
BRDA:22,1747,1,0
BRDA:22,1748,0,0
BRDA:22,1748,1,0
BRDA:22,1749,0,0
BRDA:22,1749,1,0
BRDA:22,1750,0,0
BRDA:22,1750,1,0
BRDA:22,1751,0,0
BRDA:22,1751,1,0
BRDA:22,1751,2,0
BRDA:22,1751,3,0
BRDA:22,1752,0,0
BRDA:22,1752,1,0
BRDA:22,1753,0,0
BRDA:22,1753,1,0
BRDA:22,1754,0,0
BRDA:22,1754,1,0
BRDA:22,1755,0,0
BRDA:22,1755,1,0
BRDA:22,1756,0,0
BRDA:22,1756,1,0
BRDA:22,1757,0,0
BRDA:22,1757,1,0
BRDA:22,1758,0,0
BRDA:22,1758,1,0
BRDA:22,1759,0,0
BRDA:22,1759,1,0
BRDA:22,1760,0,0
BRDA:22,1760,1,0
BRDA:22,1761,0,0
BRDA:22,1761,1,0
BRDA:22,1762,0,0
BRDA:22,1762,1,0
BRDA:22,1763,0,0
BRDA:22,1763,1,0
BRDA:22,1764,0,0
BRDA:22,1764,1,0
BRDA:22,1765,0,0
BRDA:22,1765,1,0
BRDA:22,1766,0,0
BRDA:22,1766,1,0
BRDA:22,1767,0,0
BRDA:22,1767,1,0
BRDA:22,1768,0,0
BRDA:22,1768,1,0
BRDA:22,1768,2,0
BRDA:22,1769,0,0
BRDA:22,1769,1,0
BRDA:22,1770,0,0
BRDA:22,1770,1,0
BRDA:22,1770,2,0
BRDA:22,1771,0,0
BRDA:22,1771,1,0
BRDA:22,1772,0,0
BRDA:22,1772,1,0
BRDA:22,1773,0,0
BRDA:22,1773,1,0
BRDA:22,1774,0,0
BRDA:22,1774,1,0
BRDA:22,1775,0,0
BRDA:22,1775,1,0
BRDA:22,1776,0,0
BRDA:22,1776,1,0
BRDA:22,1777,0,0
BRDA:22,1777,1,0
BRDA:22,1778,0,0
BRDA:22,1778,1,0
BRDA:22,1779,0,0
BRDA:22,1779,1,0
BRDA:22,1780,0,0
BRDA:22,1780,1,0
BRDA:22,1781,0,0
BRDA:22,1781,1,0
BRDA:22,1782,0,0
BRDA:22,1782,1,0
BRDA:22,1783,0,0
BRDA:22,1783,1,0
BRDA:22,1784,0,0
BRDA:22,1784,1,0
BRDA:22,1785,0,0
BRDA:22,1785,1,0
BRDA:22,1786,0,0
BRDA:22,1786,1,0
BRDA:22,1786,2,0
BRDA:22,1787,0,0
BRDA:22,1787,1,0
BRDA:22,1788,0,0
BRDA:22,1788,1,0
BRDA:22,1789,0,0
BRDA:22,1789,1,0
BRDA:22,1790,0,0
BRDA:22,1790,1,0
BRDA:22,1791,0,0
BRDA:22,1791,1,0
BRDA:22,1792,0,0
BRDA:22,1792,1,0
BRDA:22,1793,0,0
BRDA:22,1793,1,0
BRDA:22,1794,0,0
BRDA:22,1794,1,0
BRDA:22,1795,0,0
BRDA:22,1795,1,0
BRDA:22,1796,0,0
BRDA:22,1796,1,0
BRDA:22,1797,0,0
BRDA:22,1797,1,0
BRDA:22,1798,0,0
BRDA:22,1798,1,0
BRDA:22,1799,0,0
BRDA:22,1799,1,0
BRDA:22,1800,0,0
BRDA:22,1800,1,0
BRDA:22,1801,0,0
BRDA:22,1801,1,0
BRDA:22,1802,0,0
BRDA:22,1802,1,0
BRDA:22,1802,2,0
BRDA:22,1802,3,0
BRDA:22,1802,4,0
BRDA:22,1802,5,0
BRDA:22,1802,6,0
BRDA:22,1803,0,0
BRDA:22,1803,1,0
BRDA:22,1804,0,0
BRDA:22,1804,1,0
BRDA:22,1805,0,0
BRDA:22,1805,1,0
BRDA:22,1805,2,0
BRDA:22,1805,3,0
BRDA:22,1805,4,0
BRDA:22,1805,5,0
BRDA:22,1806,0,0
BRDA:22,1806,1,0
BRDA:22,1807,0,0
BRDA:22,1807,1,0
BRDA:22,1808,0,0
BRDA:22,1808,1,0
BRDA:22,1808,2,0
BRDA:22,1809,0,0
BRDA:22,1809,1,0
BRDA:22,1810,0,0
BRDA:22,1810,1,0
BRDA:22,1810,2,0
BRDA:22,1811,0,0
BRDA:22,1811,1,0
BRDA:22,1812,0,0
BRDA:22,1812,1,0
BRDA:22,1813,0,0
BRDA:22,1813,1,0
BRDA:22,1814,0,0
BRDA:22,1814,1,0
BRDA:22,1815,0,0
BRDA:22,1815,1,0
BRDA:22,1816,0,0
BRDA:22,1816,1,0
BRDA:22,1817,0,0
BRDA:22,1817,1,0
BRDA:22,1818,0,0
BRDA:22,1818,1,0
BRDA:22,1818,2,0
BRDA:22,1819,0,0
BRDA:22,1819,1,0
BRDA:22,1820,0,0
BRDA:22,1820,1,0
BRDA:22,1821,0,0
BRDA:22,1821,1,0
BRDA:22,1822,0,0
BRDA:22,1822,1,0
BRDA:22,1823,0,0
BRDA:22,1823,1,0
BRDA:22,1824,0,0
BRDA:22,1824,1,0
BRDA:22,1825,0,0
BRDA:22,1825,1,0
BRDA:22,1826,0,0
BRDA:22,1826,1,0
BRDA:22,1827,0,0
BRDA:22,1827,1,0
BRDA:22,1828,0,0
BRDA:22,1828,1,0
BRDA:22,1829,0,0
BRDA:22,1829,1,0
BRDA:22,1830,0,0
BRDA:22,1830,1,0
BRDA:22,1831,0,0
BRDA:22,1831,1,0
BRDA:22,1831,2,0
BRDA:22,1831,3,0
BRDA:22,1832,0,0
BRDA:22,1832,1,0
BRDA:22,1833,0,0
BRDA:22,1833,1,0
BRDA:22,1834,0,0
BRDA:22,1834,1,0
BRDA:22,1835,0,0
BRDA:22,1835,1,0
BRDA:22,1836,0,0
BRDA:22,1836,1,0
BRDA:22,1836,2,0
BRDA:22,1837,0,0
BRDA:22,1837,1,0
BRDA:22,1838,0,0
BRDA:22,1838,1,0
BRDA:22,1838,2,0
BRDA:22,1838,3,0
BRDA:22,1838,4,0
BRDA:22,1838,5,0
BRDA:22,1839,0,0
BRDA:22,1839,1,0
BRDA:22,1840,0,0
BRDA:22,1840,1,0
BRDA:22,1841,0,0
BRDA:22,1841,1,0
BRDA:22,1842,0,0
BRDA:22,1842,1,0
BRDA:22,1843,0,0
BRDA:22,1843,1,0
BRDA:22,1844,0,0
BRDA:22,1844,1,0
BRDA:22,1844,2,0
BRDA:22,1845,0,0
BRDA:22,1845,1,0
BRDA:22,1846,0,0
BRDA:22,1846,1,0
BRDA:22,1847,0,0
BRDA:22,1847,1,0
BRDA:22,1848,0,0
BRDA:22,1848,1,0
BRDA:22,1849,0,0
BRDA:22,1849,1,0
BRDA:22,1850,0,0
BRDA:22,1850,1,0
BRDA:22,1851,0,0
BRDA:22,1851,1,0
BRDA:22,1852,0,0
BRDA:22,1852,1,0
BRDA:22,1853,0,0
BRDA:22,1853,1,0
BRDA:22,1854,0,0
BRDA:22,1854,1,0
BRDA:22,1855,0,0
BRDA:22,1855,1,0
BRDA:22,1856,0,0
BRDA:22,1856,1,0
BRDA:22,1857,0,0
BRDA:22,1857,1,0
BRDA:22,1857,2,0
BRDA:22,1858,0,0
BRDA:22,1858,1,0
BRDA:22,1859,0,0
BRDA:22,1859,1,0
BRDA:22,1860,0,0
BRDA:22,1860,1,0
BRDA:22,1861,0,0
BRDA:22,1861,1,0
BRDA:22,1862,0,0
BRDA:22,1862,1,0
BRDA:22,1863,0,0
BRDA:22,1863,1,0
BRDA:22,1864,0,0
BRDA:22,1864,1,0
BRDA:22,1865,0,0
BRDA:22,1865,1,0
BRDA:22,1866,0,0
BRDA:22,1866,1,0
BRDA:22,1867,0,0
BRDA:22,1867,1,0
BRDA:22,1868,0,0
BRDA:22,1868,1,0
BRDA:22,1869,0,0
BRDA:22,1869,1,0
BRDA:22,1870,0,0
BRDA:22,1870,1,0
BRDA:22,1871,0,0
BRDA:22,1871,1,0
BRDA:22,1872,0,0
BRDA:22,1872,1,0
BRDA:22,1873,0,0
BRDA:22,1873,1,0
BRDA:22,1874,0,0
BRDA:22,1874,1,0
BRDA:22,1875,0,0
BRDA:22,1875,1,0
BRDA:22,1876,0,0
BRDA:22,1876,1,0
BRDA:22,1877,0,0
BRDA:22,1877,1,0
BRDA:22,1878,0,0
BRDA:22,1878,1,0
BRDA:22,1879,0,0
BRDA:22,1879,1,0
BRDA:22,1880,0,0
BRDA:22,1880,1,0
BRDA:22,1881,0,0
BRDA:22,1881,1,0
BRDA:22,1882,0,0
BRDA:22,1882,1,0
BRDA:22,1883,0,0
BRDA:22,1883,1,0
BRDA:22,1884,0,0
BRDA:22,1884,1,0
BRDA:22,1885,0,0
BRDA:22,1885,1,0
BRDA:22,1886,0,0
BRDA:22,1886,1,0
BRDA:22,1887,0,0
BRDA:22,1887,1,0
BRDA:30,1888,0,0
BRDA:30,1888,1,0
BRDA:30,1889,0,0
BRDA:30,1889,1,0
BRDA:30,1890,0,0
BRDA:30,1890,1,0
BRDA:30,1891,0,0
BRDA:30,1891,1,0
BRDA:30,1892,0,0
BRDA:30,1892,1,0
BRDA:30,1893,0,0
BRDA:30,1893,1,0
BRDA:30,1894,0,0
BRDA:30,1894,1,0
BRDA:30,1895,0,0
BRDA:30,1895,1,0
BRDA:30,1896,0,0
BRDA:30,1896,1,0
BRDA:30,1897,0,0
BRDA:30,1897,1,0
BRDA:30,1898,0,0
BRDA:30,1898,1,0
BRDA:30,1899,0,0
BRDA:30,1899,1,0
BRDA:30,1900,0,0
BRDA:30,1900,1,0
BRDA:30,1901,0,0
BRDA:30,1901,1,0
BRDA:30,1902,0,0
BRDA:30,1902,1,0
BRDA:30,1903,0,0
BRDA:30,1903,1,0
BRDA:30,1904,0,0
BRDA:30,1904,1,0
BRDA:30,1905,0,0
BRDA:30,1905,1,0
BRDA:30,1906,0,0
BRDA:30,1906,1,0
BRDA:30,1907,0,0
BRDA:30,1907,1,0
BRDA:30,1908,0,0
BRDA:30,1908,1,0
BRDA:30,1909,0,0
BRDA:30,1909,1,0
BRDA:30,1910,0,0
BRDA:30,1910,1,0
BRDA:30,1911,0,0
BRDA:30,1911,1,0
BRDA:30,1912,0,0
BRDA:30,1912,1,0
BRDA:30,1913,0,0
BRDA:30,1913,1,0
BRDA:30,1914,0,0
BRDA:30,1914,1,0
BRDA:30,1915,0,0
BRDA:30,1915,1,0
BRDA:30,1916,0,0
BRDA:30,1916,1,0
BRDA:30,1917,0,0
BRDA:30,1917,1,0
BRDA:30,1918,0,0
BRDA:30,1918,1,0
BRDA:30,1919,0,0
BRDA:30,1919,1,0
BRDA:30,1920,0,0
BRDA:30,1920,1,0
BRDA:30,1921,0,0
BRDA:30,1921,1,0
BRDA:30,1921,2,0
BRDA:30,1921,3,0
BRDA:30,1922,0,0
BRDA:30,1922,1,0
BRDA:30,1923,0,0
BRDA:30,1923,1,0
BRDA:30,1924,0,0
BRDA:30,1924,1,0
BRDA:30,1925,0,0
BRDA:30,1925,1,0
BRDA:30,1926,0,0
BRDA:30,1926,1,0
BRDA:30,1927,0,0
BRDA:30,1927,1,0
BRDA:30,1927,2,0
BRDA:30,1927,3,0
BRDA:30,1927,4,0
BRDA:30,1928,0,0
BRDA:30,1928,1,0
BRDA:30,1928,2,0
BRDA:30,1929,0,0
BRDA:30,1929,1,0
BRDA:30,1929,2,0
BRDA:30,1929,3,0
BRDA:30,1930,0,0
BRDA:30,1930,1,0
BRDA:30,1930,2,0
BRDA:30,1930,3,0
BRDA:30,1930,4,0
BRDA:30,1930,5,0
BRDA:30,1931,0,0
BRDA:30,1931,1,0
BRDA:30,1932,0,0
BRDA:30,1932,1,0
BRDA:30,1933,0,0
BRDA:30,1933,1,0
BRDA:30,1934,0,0
BRDA:30,1934,1,0
BRDA:30,1935,0,0
BRDA:30,1935,1,0
BRDA:30,1936,0,0
BRDA:30,1936,1,0
BRDA:30,1937,0,0
BRDA:30,1937,1,0
BRDA:30,1937,2,0
BRDA:30,1938,0,0
BRDA:30,1938,1,0
BRDA:30,1939,0,0
BRDA:30,1939,1,0
BRDA:30,1939,2,0
BRDA:30,1940,0,0
BRDA:30,1940,1,0
BRDA:30,1940,2,0
BRDA:30,1940,3,0
BRDA:30,1940,4,0
BRDA:30,1940,5,0
BRDA:30,1940,6,0
BRDA:30,1941,0,0
BRDA:30,1941,1,0
BRDA:30,1942,0,0
BRDA:30,1942,1,0
BRDA:30,1943,0,0
BRDA:30,1943,1,0
BRDA:30,1944,0,0
BRDA:30,1944,1,0
BRDA:30,1945,0,0
BRDA:30,1945,1,0
BRDA:30,1946,0,0
BRDA:30,1946,1,0
BRDA:30,1947,0,0
BRDA:30,1947,1,0
BRDA:30,1948,0,0
BRDA:30,1948,1,0
BRDA:30,1949,0,0
BRDA:30,1949,1,0
BRDA:30,1950,0,0
BRDA:30,1950,1,0
BRDA:30,1951,0,0
BRDA:30,1951,1,0
BRDA:30,1952,0,0
BRDA:30,1952,1,0
BRDA:30,1953,0,0
BRDA:30,1953,1,0
BRDA:30,1954,0,0
BRDA:30,1954,1,0
BRDA:30,1955,0,0
BRDA:30,1955,1,0
BRDA:30,1956,0,0
BRDA:30,1956,1,0
BRDA:30,1956,2,0
BRDA:30,1957,0,0
BRDA:30,1957,1,0
BRDA:30,1958,0,0
BRDA:30,1958,1,0
BRDA:30,1959,0,0
BRDA:30,1959,1,0
BRDA:30,1959,2,0
BRDA:30,1960,0,0
BRDA:30,1960,1,0
BRDA:30,1961,0,0
BRDA:30,1961,1,0
BRDA:30,1962,0,0
BRDA:30,1962,1,0
BRDA:30,1962,2,0
BRDA:30,1963,0,0
BRDA:30,1963,1,0
BRDA:30,1964,0,0
BRDA:30,1964,1,0
BRDA:30,1965,0,0
BRDA:30,1965,1,0
BRDA:30,1966,0,0
BRDA:30,1966,1,0
BRDA:30,1967,0,0
BRDA:30,1967,1,0
BRDA:30,1968,0,0
BRDA:30,1968,1,0
BRDA:30,1969,0,0
BRDA:30,1969,1,0
BRDA:30,1969,2,0
BRDA:30,1970,0,0
BRDA:30,1970,1,0
BRDA:30,1971,0,0
BRDA:30,1971,1,0
BRDA:30,1971,2,0
BRDA:30,1972,0,0
BRDA:30,1972,1,0
BRDA:30,1972,2,0
BRDA:30,1973,0,0
BRDA:30,1973,1,0
BRDA:30,1974,0,0
BRDA:30,1974,1,0
BRDA:30,1975,0,0
BRDA:30,1975,1,0
BRDA:30,1976,0,0
BRDA:30,1976,1,0
BRDA:30,1977,0,0
BRDA:30,1977,1,0
BRDA:30,1978,0,0
BRDA:30,1978,1,0
BRDA:30,1979,0,0
BRDA:30,1979,1,0
BRDA:30,1980,0,0
BRDA:30,1980,1,0
BRDA:30,1981,0,0
BRDA:30,1981,1,0
BRDA:30,1982,0,0
BRDA:30,1982,1,0
BRDA:30,1983,0,0
BRDA:30,1983,1,0
BRDA:30,1984,0,0
BRDA:30,1984,1,0
BRDA:30,1985,0,0
BRDA:30,1985,1,0
BRDA:30,1986,0,0
BRDA:30,1986,1,0
BRDA:30,1987,0,0
BRDA:30,1987,1,0
BRDA:30,1988,0,0
BRDA:30,1988,1,0
BRDA:30,1989,0,0
BRDA:30,1989,1,0
BRDA:30,1990,0,0
BRDA:30,1990,1,0
BRDA:30,1991,0,0
BRDA:30,1991,1,0
BRDA:30,1992,0,0
BRDA:30,1992,1,0
BRDA:30,1993,0,0
BRDA:30,1993,1,0
BRDA:30,1994,0,0
BRDA:30,1994,1,0
BRDA:30,1995,0,0
BRDA:30,1995,1,0
BRDA:30,1996,0,0
BRDA:30,1996,1,0
BRDA:30,1997,0,0
BRDA:30,1997,1,0
BRDA:30,1998,0,0
BRDA:30,1998,1,0
BRDA:30,1999,0,0
BRDA:30,1999,1,0
BRDA:30,2000,0,0
BRDA:30,2000,1,0
BRDA:30,2001,0,0
BRDA:30,2001,1,0
BRDA:30,2002,0,0
BRDA:30,2002,1,0
BRDA:30,2003,0,0
BRDA:30,2003,1,0
BRDA:30,2004,0,0
BRDA:30,2004,1,0
BRDA:30,2005,0,0
BRDA:30,2005,1,0
BRDA:30,2006,0,0
BRDA:30,2006,1,0
BRDA:30,2006,2,0
BRDA:30,2006,3,0
BRDA:30,2007,0,0
BRDA:30,2007,1,0
BRDA:30,2008,0,0
BRDA:30,2008,1,0
BRDA:30,2009,0,0
BRDA:30,2009,1,0
BRDA:30,2010,0,0
BRDA:30,2010,1,0
BRDA:30,2011,0,0
BRDA:30,2011,1,0
BRDA:30,2012,0,0
BRDA:30,2012,1,0
BRDA:30,2013,0,0
BRDA:30,2013,1,0
BRDA:30,2014,0,0
BRDA:30,2014,1,0
BRDA:30,2015,0,0
BRDA:30,2015,1,0
BRDA:30,2016,0,0
BRDA:30,2016,1,0
BRDA:30,2016,2,0
BRDA:30,2017,0,0
BRDA:30,2017,1,0
BRDA:30,2018,0,0
BRDA:30,2018,1,0
BRDA:30,2019,0,0
BRDA:30,2019,1,0
BRDA:30,2020,0,0
BRDA:30,2020,1,0
BRDA:30,2021,0,0
BRDA:30,2021,1,0
BRDA:30,2022,0,0
BRDA:30,2022,1,0
BRDA:30,2023,0,0
BRDA:30,2023,1,0
BRDA:30,2024,0,0
BRDA:30,2024,1,0
BRDA:30,2025,0,0
BRDA:30,2025,1,0
BRDA:30,2026,0,0
BRDA:30,2026,1,0
BRF:4706
BRH:0
end_of_record
TN:
SF:client/src/index.jsx
FNF:0
FNH:0
DA:5,0
LF:1
LH:0
BRF:0
BRH:0
end_of_record
TN:
SF:client/src/components/App.jsx
FN:6,(anonymous_0)
FN:13,(anonymous_1)
FN:17,(anonymous_2)
FN:23,(anonymous_3)
FN:27,(anonymous_4)
FN:32,(anonymous_5)
FNF:6
FNH:4
FNDA:1,(anonymous_0)
FNDA:1,(anonymous_1)
FNDA:1,(anonymous_2)
FNDA:0,(anonymous_3)
FNDA:0,(anonymous_4)
FNDA:1,(anonymous_5)
DA:7,1
DA:8,1
DA:14,1
DA:18,1
DA:22,1
DA:24,0
DA:25,0
DA:28,0
DA:33,1
LF:9
LH:6
BRF:0
BRH:0
end_of_record
TN:
SF:client/src/components/Carousel.jsx
FN:5,(anonymous_0)
FN:8,(anonymous_1)
FNF:2
FNH:0
FNDA:0,(anonymous_0)
FNDA:0,(anonymous_1)
DA:5,1
DA:6,0
DA:9,0
LF:3
LH:1
BRF:0
BRH:0
end_of_record
TN:
SF:client/src/components/Property.jsx
FN:4,(anonymous_0)
FNF:1
FNH:1
FNDA:1,(anonymous_0)
DA:4,2
DA:5,1
LF:2
LH:2
BRF:0
BRH:0
end_of_record
TN:
SF:coverage/lcov-report/block-navigation.js
FN:2,init
FN:24,toggleClass
FN:31,makeCurrent
FN:41,goToPrevious
FN:52,goToNext
FN:65,jump
FNF:6
FNH:0
FNDA:0,init
FNDA:0,toggleClass
FNDA:0,makeCurrent
FNDA:0,goToPrevious
FNDA:0,goToNext
FNDA:0,jump
DA:2,0
DA:4,0
DA:7,0
DA:10,0
DA:14,0
DA:20,0
DA:25,0
DA:28,0
DA:32,0
DA:33,0
DA:34,0
DA:42,0
DA:43,0
DA:44,0
DA:45,0
DA:46,0
DA:49,0
DA:53,0
DA:55,0
DA:59,0
DA:62,0
DA:65,0
DA:66,0
DA:69,0
DA:70,0
DA:74,0
DA:75,0
DA:79,0
LF:28
LH:0
BRDA:43,0,0,0
BRDA:43,0,1,0
BRDA:43,1,0,0
BRDA:43,1,1,0
BRDA:45,2,0,0
BRDA:45,2,1,0
BRDA:55,3,0,0
BRDA:55,3,1,0
BRDA:56,4,0,0
BRDA:56,4,1,0
BRDA:66,5,0,0
BRDA:66,5,1,0
BRDA:66,5,2,0
BRDA:66,5,3,0
BRDA:66,5,4,0
BRF:15
BRH:0
end_of_record
TN:
SF:coverage/lcov-report/prettify.js
FN:2,(anonymous_0)
FN:2,k
FN:2,ab
FN:2,T
FN:2,X
FN:2,(anonymous_5)
FN:2,W
FN:2,(anonymous_7)
FN:2,a
FN:2,aa
FN:2,B
FN:2,o
FN:2,g
FN:2,(anonymous_13)
FN:2,(anonymous_14)
FN:2,i
FN:2,Q
FN:2,ae
FN:2,ad
FN:2,ai
FN:2,D
FN:2,c
FN:2,q
FN:2,d
FN:2,y
FN:2,b
FN:2,Y
FN:2,(anonymous_27)
FN:2,U
FNF:29
FNH:0
FNDA:0,(anonymous_0)
FNDA:0,k
FNDA:0,ab
FNDA:0,T
FNDA:0,X
FNDA:0,(anonymous_5)
FNDA:0,W
FNDA:0,(anonymous_7)
FNDA:0,a
FNDA:0,aa
FNDA:0,B
FNDA:0,o
FNDA:0,g
FNDA:0,(anonymous_13)
FNDA:0,(anonymous_14)
FNDA:0,i
FNDA:0,Q
FNDA:0,ae
FNDA:0,ad
FNDA:0,ai
FNDA:0,D
FNDA:0,c
FNDA:0,q
FNDA:0,d
FNDA:0,y
FNDA:0,b
FNDA:0,Y
FNDA:0,(anonymous_27)
FNDA:0,U
DA:2,0
LF:1
LH:0
BRDA:2,0,0,0
BRDA:2,0,1,0
BRDA:2,1,0,0
BRDA:2,1,1,0
BRDA:2,2,0,0
BRDA:2,2,1,0
BRDA:2,3,0,0
BRDA:2,3,1,0
BRDA:2,4,0,0
BRDA:2,4,1,0
BRDA:2,5,0,0
BRDA:2,5,1,0
BRDA:2,6,0,0
BRDA:2,6,1,0
BRDA:2,7,0,0
BRDA:2,7,1,0
BRDA:2,8,0,0
BRDA:2,8,1,0
BRDA:2,9,0,0
BRDA:2,9,1,0
BRDA:2,10,0,0
BRDA:2,10,1,0
BRDA:2,11,0,0
BRDA:2,11,1,0
BRDA:2,11,2,0
BRDA:2,11,3,0
BRDA:2,12,0,0
BRDA:2,12,1,0
BRDA:2,13,0,0
BRDA:2,13,1,0
BRDA:2,14,0,0
BRDA:2,14,1,0
BRDA:2,15,0,0
BRDA:2,15,1,0
BRDA:2,16,0,0
BRDA:2,16,1,0
BRDA:2,17,0,0
BRDA:2,17,1,0
BRDA:2,18,0,0
BRDA:2,18,1,0
BRDA:2,19,0,0
BRDA:2,19,1,0
BRDA:2,20,0,0
BRDA:2,20,1,0
BRDA:2,21,0,0
BRDA:2,21,1,0
BRDA:2,22,0,0
BRDA:2,22,1,0
BRDA:2,23,0,0
BRDA:2,23,1,0
BRDA:2,24,0,0
BRDA:2,24,1,0
BRDA:2,25,0,0
BRDA:2,25,1,0
BRDA:2,26,0,0
BRDA:2,26,1,0
BRDA:2,27,0,0
BRDA:2,27,1,0
BRDA:2,28,0,0
BRDA:2,28,1,0
BRDA:2,29,0,0
BRDA:2,29,1,0
BRDA:2,30,0,0
BRDA:2,30,1,0
BRDA:2,31,0,0
BRDA:2,31,1,0
BRDA:2,32,0,0
BRDA:2,32,1,0
BRDA:2,33,0,0
BRDA:2,33,1,0
BRDA:2,34,0,0
BRDA:2,34,1,0
BRDA:2,35,0,0
BRDA:2,35,1,0
BRDA:2,36,0,0
BRDA:2,36,1,0
BRDA:2,37,0,0
BRDA:2,37,1,0
BRDA:2,38,0,0
BRDA:2,38,1,0
BRDA:2,39,0,0
BRDA:2,39,1,0
BRDA:2,40,0,0
BRDA:2,40,1,0
BRDA:2,41,0,0
BRDA:2,41,1,0
BRDA:2,42,0,0
BRDA:2,42,1,0
BRDA:2,43,0,0
BRDA:2,43,1,0
BRDA:2,44,0,0
BRDA:2,44,1,0
BRDA:2,45,0,0
BRDA:2,45,1,0
BRDA:2,46,0,0
BRDA:2,46,1,0
BRDA:2,47,0,0
BRDA:2,47,1,0
BRDA:2,48,0,0
BRDA:2,48,1,0
BRDA:2,49,0,0
BRDA:2,49,1,0
BRDA:2,50,0,0
BRDA:2,50,1,0
BRDA:2,50,2,0
BRDA:2,51,0,0
BRDA:2,51,1,0
BRDA:2,52,0,0
BRDA:2,52,1,0
BRDA:2,53,0,0
BRDA:2,53,1,0
BRDA:2,54,0,0
BRDA:2,54,1,0
BRDA:2,55,0,0
BRDA:2,55,1,0
BRDA:2,56,0,0
BRDA:2,56,1,0
BRDA:2,57,0,0
BRDA:2,57,1,0
BRDA:2,58,0,0
BRDA:2,58,1,0
BRDA:2,59,0,0
BRDA:2,59,1,0
BRDA:2,60,0,0
BRDA:2,60,1,0
BRDA:2,61,0,0
BRDA:2,61,1,0
BRDA:2,62,0,0
BRDA:2,62,1,0
BRDA:2,63,0,0
BRDA:2,63,1,0
BRDA:2,64,0,0
BRDA:2,64,1,0
BRDA:2,65,0,0
BRDA:2,65,1,0
BRDA:2,66,0,0
BRDA:2,66,1,0
BRDA:2,67,0,0
BRDA:2,67,1,0
BRDA:2,68,0,0
BRDA:2,68,1,0
BRDA:2,69,0,0
BRDA:2,69,1,0
BRDA:2,70,0,0
BRDA:2,70,1,0
BRDA:2,71,0,0
BRDA:2,71,1,0
BRDA:2,72,0,0
BRDA:2,72,1,0
BRDA:2,73,0,0
BRDA:2,73,1,0
BRDA:2,74,0,0
BRDA:2,74,1,0
BRDA:2,75,0,0
BRDA:2,75,1,0
BRDA:2,76,0,0
BRDA:2,76,1,0
BRDA:2,77,0,0
BRDA:2,77,1,0
BRDA:2,78,0,0
BRDA:2,78,1,0
BRDA:2,79,0,0
BRDA:2,79,1,0
BRDA:2,80,0,0
BRDA:2,80,1,0
BRDA:2,81,0,0
BRDA:2,81,1,0
BRDA:2,82,0,0
BRDA:2,82,1,0
BRDA:2,83,0,0
BRDA:2,83,1,0
BRDA:2,84,0,0
BRDA:2,84,1,0
BRDA:2,85,0,0
BRDA:2,85,1,0
BRDA:2,86,0,0
BRDA:2,86,1,0
BRDA:2,87,0,0
BRDA:2,87,1,0
BRDA:2,88,0,0
BRDA:2,88,1,0
BRDA:2,89,0,0
BRDA:2,89,1,0
BRDA:2,89,2,0
BRDA:2,90,0,0
BRDA:2,90,1,0
BRDA:2,91,0,0
BRDA:2,91,1,0
BRDA:2,92,0,0
BRDA:2,92,1,0
BRDA:2,93,0,0
BRDA:2,93,1,0
BRDA:2,94,0,0
BRDA:2,94,1,0
BRDA:2,95,0,0
BRDA:2,95,1,0
BRDA:2,96,0,0
BRDA:2,96,1,0
BRDA:2,97,0,0
BRDA:2,97,1,0
BRDA:2,98,0,0
BRDA:2,98,1,0
BRDA:2,99,0,0
BRDA:2,99,1,0
BRDA:2,100,0,0
BRDA:2,100,1,0
BRDA:2,101,0,0
BRDA:2,101,1,0
BRDA:2,102,0,0
BRDA:2,102,1,0
BRDA:2,103,0,0
BRDA:2,103,1,0
BRDA:2,104,0,0
BRDA:2,104,1,0
BRDA:2,105,0,0
BRDA:2,105,1,0
BRDA:2,106,0,0
BRDA:2,106,1,0
BRDA:2,107,0,0
BRDA:2,107,1,0
BRDA:2,108,0,0
BRDA:2,108,1,0
BRDA:2,109,0,0
BRDA:2,109,1,0
BRDA:2,110,0,0
BRDA:2,110,1,0
BRDA:2,111,0,0
BRDA:2,111,1,0
BRDA:2,112,0,0
BRDA:2,112,1,0
BRDA:2,113,0,0
BRDA:2,113,1,0
BRDA:2,114,0,0
BRDA:2,114,1,0
BRDA:2,115,0,0
BRDA:2,115,1,0
BRDA:2,116,0,0
BRDA:2,116,1,0
BRDA:2,117,0,0
BRDA:2,117,1,0
BRDA:2,118,0,0
BRDA:2,118,1,0
BRDA:2,119,0,0
BRDA:2,119,1,0
BRDA:2,120,0,0
BRDA:2,120,1,0
BRDA:2,121,0,0
BRDA:2,121,1,0
BRDA:2,122,0,0
BRDA:2,122,1,0
BRDA:2,123,0,0
BRDA:2,123,1,0
BRDA:2,124,0,0
BRDA:2,124,1,0
BRDA:2,125,0,0
BRDA:2,125,1,0
BRDA:2,126,0,0
BRDA:2,126,1,0
BRDA:2,127,0,0
BRDA:2,127,1,0
BRDA:2,128,0,0
BRDA:2,128,1,0
BRDA:2,128,2,0
BRDA:2,129,0,0
BRDA:2,129,1,0
BRDA:2,130,0,0
BRDA:2,130,1,0
BRDA:2,131,0,0
BRDA:2,131,1,0
BRDA:2,131,2,0
BRDA:2,131,3,0
BRDA:2,131,4,0
BRDA:2,132,0,0
BRDA:2,132,1,0
BRDA:2,133,0,0
BRDA:2,133,1,0
BRDA:2,134,0,0
BRDA:2,134,1,0
BRDA:2,135,0,0
BRDA:2,135,1,0
BRDA:2,136,0,0
BRDA:2,136,1,0
BRDA:2,137,0,0
BRDA:2,137,1,0
BRDA:2,138,0,0
BRDA:2,138,1,0
BRF:286
BRH:0
end_of_record
TN:
SF:coverage/lcov-report/sorter.js
FN:2,(anonymous_0)
FN:11,getTable
FN:15,getTableHeader
FN:19,getTableBody
FN:23,getNthColumn
FN:28,loadColumns
FN:53,loadRowData
FN:72,loadData
FN:81,sortByIndex
FN:83,(anonymous_9)
FN:95,(anonymous_10)
FN:112,removeSortIndicators
FN:120,addSortIndicators
FN:126,enableUI
FN:129,ithSorter
FN:132,(anonymous_15)
FN:159,(anonymous_16)
FNF:17
FNH:0
FNDA:0,(anonymous_0)
FNDA:0,getTable
FNDA:0,getTableHeader
FNDA:0,getTableBody
FNDA:0,getNthColumn
FNDA:0,loadColumns
FNDA:0,loadRowData
FNDA:0,loadData
FNDA:0,sortByIndex
FNDA:0,(anonymous_9)
FNDA:0,(anonymous_10)
FNDA:0,removeSortIndicators
FNDA:0,addSortIndicators
FNDA:0,enableUI
FNDA:0,ithSorter
FNDA:0,(anonymous_15)
FNDA:0,(anonymous_16)
DA:2,0
DA:5,0
DA:12,0
DA:16,0
DA:20,0
DA:24,0
DA:29,0
DA:31,0
DA:35,0
DA:36,0
DA:37,0
DA:42,0
DA:43,0
DA:44,0
DA:45,0
DA:49,0
DA:54,0
DA:57,0
DA:60,0
DA:61,0
DA:62,0
DA:63,0
DA:64,0
DA:65,0
DA:67,0
DA:69,0
DA:73,0
DA:76,0
DA:77,0
DA:82,0
DA:83,0
DA:84,0
DA:85,0
DA:86,0
DA:88,0
DA:89,0
DA:90,0
DA:91,0
DA:94,0
DA:95,0
DA:96,0
DA:100,0
DA:101,0
DA:102,0
DA:105,0
DA:107,0
DA:108,0
DA:113,0
DA:114,0
DA:116,0
DA:117,0
DA:121,0
DA:129,0
DA:130,0
DA:132,0
DA:133,0
DA:135,0
DA:136,0
DA:138,0
DA:139,0
DA:140,0
DA:141,0
DA:142,0
DA:145,0
DA:146,0
DA:149,0
DA:150,0
DA:151,0
DA:153,0
DA:159,0
DA:160,0
DA:161,0
DA:163,0
DA:164,0
DA:165,0
DA:166,0
DA:170,0
LF:77
LH:0
BRDA:40,0,0,0
BRDA:40,0,1,0
BRDA:43,1,0,0
BRDA:43,1,1,0
BRDA:64,2,0,0
BRDA:64,2,1,0
BRDA:86,3,0,0
BRDA:86,3,1,0
BRDA:86,4,0,0
BRDA:86,4,1,0
BRDA:94,5,0,0
BRDA:94,5,1,0
BRDA:121,6,0,0
BRDA:121,6,1,0
BRDA:135,7,0,0
BRDA:135,7,1,0
BRDA:146,8,0,0
BRDA:146,8,1,0
BRDA:150,9,0,0
BRDA:150,9,1,0
BRDA:160,10,0,0
BRDA:160,10,1,0
BRF:22
BRH:0
end_of_record
TN:
SF:database/helpers.js
FN:4,(anonymous_0)
FN:5,(anonymous_1)
FNF:2
FNH:0
FNDA:0,(anonymous_0)
FNDA:0,(anonymous_1)
DA:1,0
DA:3,0
DA:5,0
DA:6,0
DA:7,0
DA:9,0
LF:6
LH:0
BRDA:6,0,0,0
BRDA:6,0,1,0
BRF:2
BRH:0
end_of_record
TN:
SF:database/index.js
FNF:0
FNH:0
DA:1,0
DA:2,0
DA:9,0
DA:11,0
LF:4
LH:0
BRF:0
BRH:0
end_of_record
TN:
SF:database/seeder.js
FN:4,(anonymous_0)
FN:25,(anonymous_1)
FNF:2
FNH:0
FNDA:0,(anonymous_0)
FNDA:0,(anonymous_1)
DA:1,0
DA:4,0
DA:5,0
DA:6,0
DA:8,0
DA:9,0
DA:10,0
DA:11,0
DA:20,0
DA:22,0
DA:25,0
DA:26,0
DA:28,0
DA:29,0
DA:30,0
DA:31,0
DA:34,0
DA:35,0
DA:36,0
DA:39,0
DA:40,0
DA:41,0
DA:45,0
LF:23
LH:0
BRF:0
BRH:0
end_of_record
TN:
SF:server/index.js
FN:11,(anonymous_0)
FN:13,(anonymous_1)
FN:22,(anonymous_2)
FN:26,(anonymous_3)
FN:29,(anonymous_4)
FN:34,(anonymous_5)
FNF:6
FNH:0
FNDA:0,(anonymous_0)
FNDA:0,(anonymous_1)
FNDA:0,(anonymous_2)
FNDA:0,(anonymous_3)
FNDA:0,(anonymous_4)
FNDA:0,(anonymous_5)
DA:1,0
DA:2,0
DA:3,0
DA:5,0
DA:7,0
DA:8,0
DA:9,0
DA:11,0
DA:13,0
DA:14,0
DA:15,0
DA:17,0
DA:22,0
DA:26,0
DA:29,0
DA:33,0
DA:34,0
DA:35,0
LF:18
LH:0
BRDA:14,0,0,0
BRDA:14,0,1,0
BRF:2
BRH:0
end_of_record
